<?xml version="1.0" encoding="UTF-8"?>
<testsuite errors="0" failures="0" name="decode_significant_figures_tests.TestDecodeSignificantFiguresTests-20181024183746" skipped="0" tests="1102" time="0.082" timestamp="2018-10-24T18:37:46">
	<testcase classname="decode_significant_figures_tests.TestDecodeSignificantFiguresTests" name="testDecodeFiveBandSignificantFigures" time="0.008" timestamp="2018-10-24T18:37:46"/>
	<testcase classname="decode_significant_figures_tests.TestDecodeSignificantFiguresTests" name="testDecodeFourBandSignificantFigures" time="0.001" timestamp="2018-10-24T18:37:46"/>
	<testcase classname="decode_significant_figures_tests.TestDecodeSignificantFiguresTests" name="testDecodeSigFigWhenFiveBandsWithBlackBlackBlack" time="0.000" timestamp="2018-10-24T18:37:46"/>
	<testcase classname="decode_significant_figures_tests.TestDecodeSignificantFiguresTests" name="testDecodeSigFigWhenFiveBandsWithBlackBlackBlue" time="0.000" timestamp="2018-10-24T18:37:46"/>
	<testcase classname="decode_significant_figures_tests.TestDecodeSignificantFiguresTests" name="testDecodeSigFigWhenFiveBandsWithBlackBlackBrown" time="0.000" timestamp="2018-10-24T18:37:46"/>
	<testcase classname="decode_significant_figures_tests.TestDecodeSignificantFiguresTests" name="testDecodeSigFigWhenFiveBandsWithBlackBlackGreen" time="0.000" timestamp="2018-10-24T18:37:46"/>
	<testcase classname="decode_significant_figures_tests.TestDecodeSignificantFiguresTests" name="testDecodeSigFigWhenFiveBandsWithBlackBlackGrey" time="0.000" timestamp="2018-10-24T18:37:46"/>
	<testcase classname="decode_significant_figures_tests.TestDecodeSignificantFiguresTests" name="testDecodeSigFigWhenFiveBandsWithBlackBlackOrange" time="0.000" timestamp="2018-10-24T18:37:46"/>
	<testcase classname="decode_significant_figures_tests.TestDecodeSignificantFiguresTests" name="testDecodeSigFigWhenFiveBandsWithBlackBlackRed" time="0.000" timestamp="2018-10-24T18:37:46"/>
	<testcase classname="decode_significant_figures_tests.TestDecodeSignificantFiguresTests" name="testDecodeSigFigWhenFiveBandsWithBlackBlackViolet" time="0.000" timestamp="2018-10-24T18:37:46"/>
	<testcase classname="decode_significant_figures_tests.TestDecodeSignificantFiguresTests" name="testDecodeSigFigWhenFiveBandsWithBlackBlackWhite" time="0.000" timestamp="2018-10-24T18:37:46"/>
	<testcase classname="decode_significant_figures_tests.TestDecodeSignificantFiguresTests" name="testDecodeSigFigWhenFiveBandsWithBlackBlackYellow" time="0.000" timestamp="2018-10-24T18:37:46"/>
	<testcase classname="decode_significant_figures_tests.TestDecodeSignificantFiguresTests" name="testDecodeSigFigWhenFiveBandsWithBlackBlueBlack" time="0.000" timestamp="2018-10-24T18:37:46"/>
	<testcase classname="decode_significant_figures_tests.TestDecodeSignificantFiguresTests" name="testDecodeSigFigWhenFiveBandsWithBlackBlueBlue" time="0.000" timestamp="2018-10-24T18:37:46"/>
	<testcase classname="decode_significant_figures_tests.TestDecodeSignificantFiguresTests" name="testDecodeSigFigWhenFiveBandsWithBlackBlueBrown" time="0.000" timestamp="2018-10-24T18:37:46"/>
	<testcase classname="decode_significant_figures_tests.TestDecodeSignificantFiguresTests" name="testDecodeSigFigWhenFiveBandsWithBlackBlueGreen" time="0.000" timestamp="2018-10-24T18:37:46"/>
	<testcase classname="decode_significant_figures_tests.TestDecodeSignificantFiguresTests" name="testDecodeSigFigWhenFiveBandsWithBlackBlueGrey" time="0.000" timestamp="2018-10-24T18:37:46"/>
	<testcase classname="decode_significant_figures_tests.TestDecodeSignificantFiguresTests" name="testDecodeSigFigWhenFiveBandsWithBlackBlueOrange" time="0.000" timestamp="2018-10-24T18:37:46"/>
	<testcase classname="decode_significant_figures_tests.TestDecodeSignificantFiguresTests" name="testDecodeSigFigWhenFiveBandsWithBlackBlueRed" time="0.000" timestamp="2018-10-24T18:37:46"/>
	<testcase classname="decode_significant_figures_tests.TestDecodeSignificantFiguresTests" name="testDecodeSigFigWhenFiveBandsWithBlackBlueViolet" time="0.000" timestamp="2018-10-24T18:37:46"/>
	<testcase classname="decode_significant_figures_tests.TestDecodeSignificantFiguresTests" name="testDecodeSigFigWhenFiveBandsWithBlackBlueWhite" time="0.000" timestamp="2018-10-24T18:37:46"/>
	<testcase classname="decode_significant_figures_tests.TestDecodeSignificantFiguresTests" name="testDecodeSigFigWhenFiveBandsWithBlackBlueYellow" time="0.000" timestamp="2018-10-24T18:37:46"/>
	<testcase classname="decode_significant_figures_tests.TestDecodeSignificantFiguresTests" name="testDecodeSigFigWhenFiveBandsWithBlackBrownBlack" time="0.000" timestamp="2018-10-24T18:37:46"/>
	<testcase classname="decode_significant_figures_tests.TestDecodeSignificantFiguresTests" name="testDecodeSigFigWhenFiveBandsWithBlackBrownBlue" time="0.000" timestamp="2018-10-24T18:37:46"/>
	<testcase classname="decode_significant_figures_tests.TestDecodeSignificantFiguresTests" name="testDecodeSigFigWhenFiveBandsWithBlackBrownBrown" time="0.000" timestamp="2018-10-24T18:37:46"/>
	<testcase classname="decode_significant_figures_tests.TestDecodeSignificantFiguresTests" name="testDecodeSigFigWhenFiveBandsWithBlackBrownGreen" time="0.000" timestamp="2018-10-24T18:37:46"/>
	<testcase classname="decode_significant_figures_tests.TestDecodeSignificantFiguresTests" name="testDecodeSigFigWhenFiveBandsWithBlackBrownGrey" time="0.000" timestamp="2018-10-24T18:37:46"/>
	<testcase classname="decode_significant_figures_tests.TestDecodeSignificantFiguresTests" name="testDecodeSigFigWhenFiveBandsWithBlackBrownOrange" time="0.000" timestamp="2018-10-24T18:37:46"/>
	<testcase classname="decode_significant_figures_tests.TestDecodeSignificantFiguresTests" name="testDecodeSigFigWhenFiveBandsWithBlackBrownRed" time="0.000" timestamp="2018-10-24T18:37:46"/>
	<testcase classname="decode_significant_figures_tests.TestDecodeSignificantFiguresTests" name="testDecodeSigFigWhenFiveBandsWithBlackBrownViolet" time="0.000" timestamp="2018-10-24T18:37:46"/>
	<testcase classname="decode_significant_figures_tests.TestDecodeSignificantFiguresTests" name="testDecodeSigFigWhenFiveBandsWithBlackBrownWhite" time="0.000" timestamp="2018-10-24T18:37:46"/>
	<testcase classname="decode_significant_figures_tests.TestDecodeSignificantFiguresTests" name="testDecodeSigFigWhenFiveBandsWithBlackBrownYellow" time="0.000" timestamp="2018-10-24T18:37:46"/>
	<testcase classname="decode_significant_figures_tests.TestDecodeSignificantFiguresTests" name="testDecodeSigFigWhenFiveBandsWithBlackGreenBlack" time="0.000" timestamp="2018-10-24T18:37:46"/>
	<testcase classname="decode_significant_figures_tests.TestDecodeSignificantFiguresTests" name="testDecodeSigFigWhenFiveBandsWithBlackGreenBlue" time="0.000" timestamp="2018-10-24T18:37:46"/>
	<testcase classname="decode_significant_figures_tests.TestDecodeSignificantFiguresTests" name="testDecodeSigFigWhenFiveBandsWithBlackGreenBrown" time="0.000" timestamp="2018-10-24T18:37:46"/>
	<testcase classname="decode_significant_figures_tests.TestDecodeSignificantFiguresTests" name="testDecodeSigFigWhenFiveBandsWithBlackGreenGreen" time="0.000" timestamp="2018-10-24T18:37:46"/>
	<testcase classname="decode_significant_figures_tests.TestDecodeSignificantFiguresTests" name="testDecodeSigFigWhenFiveBandsWithBlackGreenGrey" time="0.000" timestamp="2018-10-24T18:37:46"/>
	<testcase classname="decode_significant_figures_tests.TestDecodeSignificantFiguresTests" name="testDecodeSigFigWhenFiveBandsWithBlackGreenOrange" time="0.000" timestamp="2018-10-24T18:37:46"/>
	<testcase classname="decode_significant_figures_tests.TestDecodeSignificantFiguresTests" name="testDecodeSigFigWhenFiveBandsWithBlackGreenRed" time="0.000" timestamp="2018-10-24T18:37:46"/>
	<testcase classname="decode_significant_figures_tests.TestDecodeSignificantFiguresTests" name="testDecodeSigFigWhenFiveBandsWithBlackGreenViolet" time="0.000" timestamp="2018-10-24T18:37:46"/>
	<testcase classname="decode_significant_figures_tests.TestDecodeSignificantFiguresTests" name="testDecodeSigFigWhenFiveBandsWithBlackGreenWhite" time="0.000" timestamp="2018-10-24T18:37:46"/>
	<testcase classname="decode_significant_figures_tests.TestDecodeSignificantFiguresTests" name="testDecodeSigFigWhenFiveBandsWithBlackGreenYellow" time="0.000" timestamp="2018-10-24T18:37:46"/>
	<testcase classname="decode_significant_figures_tests.TestDecodeSignificantFiguresTests" name="testDecodeSigFigWhenFiveBandsWithBlackGreyBlack" time="0.000" timestamp="2018-10-24T18:37:46"/>
	<testcase classname="decode_significant_figures_tests.TestDecodeSignificantFiguresTests" name="testDecodeSigFigWhenFiveBandsWithBlackGreyBlue" time="0.000" timestamp="2018-10-24T18:37:46"/>
	<testcase classname="decode_significant_figures_tests.TestDecodeSignificantFiguresTests" name="testDecodeSigFigWhenFiveBandsWithBlackGreyBrown" time="0.000" timestamp="2018-10-24T18:37:46"/>
	<testcase classname="decode_significant_figures_tests.TestDecodeSignificantFiguresTests" name="testDecodeSigFigWhenFiveBandsWithBlackGreyGreen" time="0.000" timestamp="2018-10-24T18:37:46"/>
	<testcase classname="decode_significant_figures_tests.TestDecodeSignificantFiguresTests" name="testDecodeSigFigWhenFiveBandsWithBlackGreyGrey" time="0.000" timestamp="2018-10-24T18:37:46"/>
	<testcase classname="decode_significant_figures_tests.TestDecodeSignificantFiguresTests" name="testDecodeSigFigWhenFiveBandsWithBlackGreyOrange" time="0.000" timestamp="2018-10-24T18:37:46"/>
	<testcase classname="decode_significant_figures_tests.TestDecodeSignificantFiguresTests" name="testDecodeSigFigWhenFiveBandsWithBlackGreyRed" time="0.000" timestamp="2018-10-24T18:37:46"/>
	<testcase classname="decode_significant_figures_tests.TestDecodeSignificantFiguresTests" name="testDecodeSigFigWhenFiveBandsWithBlackGreyViolet" time="0.000" timestamp="2018-10-24T18:37:46"/>
	<testcase classname="decode_significant_figures_tests.TestDecodeSignificantFiguresTests" name="testDecodeSigFigWhenFiveBandsWithBlackGreyWhite" time="0.000" timestamp="2018-10-24T18:37:46"/>
	<testcase classname="decode_significant_figures_tests.TestDecodeSignificantFiguresTests" name="testDecodeSigFigWhenFiveBandsWithBlackGreyYellow" time="0.000" timestamp="2018-10-24T18:37:46"/>
	<testcase classname="decode_significant_figures_tests.TestDecodeSignificantFiguresTests" name="testDecodeSigFigWhenFiveBandsWithBlackOrangeBlack" time="0.000" timestamp="2018-10-24T18:37:46"/>
	<testcase classname="decode_significant_figures_tests.TestDecodeSignificantFiguresTests" name="testDecodeSigFigWhenFiveBandsWithBlackOrangeBlue" time="0.000" timestamp="2018-10-24T18:37:46"/>
	<testcase classname="decode_significant_figures_tests.TestDecodeSignificantFiguresTests" name="testDecodeSigFigWhenFiveBandsWithBlackOrangeBrown" time="0.000" timestamp="2018-10-24T18:37:46"/>
	<testcase classname="decode_significant_figures_tests.TestDecodeSignificantFiguresTests" name="testDecodeSigFigWhenFiveBandsWithBlackOrangeGreen" time="0.000" timestamp="2018-10-24T18:37:46"/>
	<testcase classname="decode_significant_figures_tests.TestDecodeSignificantFiguresTests" name="testDecodeSigFigWhenFiveBandsWithBlackOrangeGrey" time="0.000" timestamp="2018-10-24T18:37:46"/>
	<testcase classname="decode_significant_figures_tests.TestDecodeSignificantFiguresTests" name="testDecodeSigFigWhenFiveBandsWithBlackOrangeOrange" time="0.000" timestamp="2018-10-24T18:37:46"/>
	<testcase classname="decode_significant_figures_tests.TestDecodeSignificantFiguresTests" name="testDecodeSigFigWhenFiveBandsWithBlackOrangeRed" time="0.000" timestamp="2018-10-24T18:37:46"/>
	<testcase classname="decode_significant_figures_tests.TestDecodeSignificantFiguresTests" name="testDecodeSigFigWhenFiveBandsWithBlackOrangeViolet" time="0.000" timestamp="2018-10-24T18:37:46"/>
	<testcase classname="decode_significant_figures_tests.TestDecodeSignificantFiguresTests" name="testDecodeSigFigWhenFiveBandsWithBlackOrangeWhite" time="0.000" timestamp="2018-10-24T18:37:46"/>
	<testcase classname="decode_significant_figures_tests.TestDecodeSignificantFiguresTests" name="testDecodeSigFigWhenFiveBandsWithBlackOrangeYellow" time="0.000" timestamp="2018-10-24T18:37:46"/>
	<testcase classname="decode_significant_figures_tests.TestDecodeSignificantFiguresTests" name="testDecodeSigFigWhenFiveBandsWithBlackRedBlack" time="0.000" timestamp="2018-10-24T18:37:46"/>
	<testcase classname="decode_significant_figures_tests.TestDecodeSignificantFiguresTests" name="testDecodeSigFigWhenFiveBandsWithBlackRedBlue" time="0.000" timestamp="2018-10-24T18:37:46"/>
	<testcase classname="decode_significant_figures_tests.TestDecodeSignificantFiguresTests" name="testDecodeSigFigWhenFiveBandsWithBlackRedBrown" time="0.000" timestamp="2018-10-24T18:37:46"/>
	<testcase classname="decode_significant_figures_tests.TestDecodeSignificantFiguresTests" name="testDecodeSigFigWhenFiveBandsWithBlackRedGreen" time="0.000" timestamp="2018-10-24T18:37:46"/>
	<testcase classname="decode_significant_figures_tests.TestDecodeSignificantFiguresTests" name="testDecodeSigFigWhenFiveBandsWithBlackRedGrey" time="0.000" timestamp="2018-10-24T18:37:46"/>
	<testcase classname="decode_significant_figures_tests.TestDecodeSignificantFiguresTests" name="testDecodeSigFigWhenFiveBandsWithBlackRedOrange" time="0.000" timestamp="2018-10-24T18:37:46"/>
	<testcase classname="decode_significant_figures_tests.TestDecodeSignificantFiguresTests" name="testDecodeSigFigWhenFiveBandsWithBlackRedRed" time="0.000" timestamp="2018-10-24T18:37:46"/>
	<testcase classname="decode_significant_figures_tests.TestDecodeSignificantFiguresTests" name="testDecodeSigFigWhenFiveBandsWithBlackRedViolet" time="0.000" timestamp="2018-10-24T18:37:46"/>
	<testcase classname="decode_significant_figures_tests.TestDecodeSignificantFiguresTests" name="testDecodeSigFigWhenFiveBandsWithBlackRedWhite" time="0.000" timestamp="2018-10-24T18:37:46"/>
	<testcase classname="decode_significant_figures_tests.TestDecodeSignificantFiguresTests" name="testDecodeSigFigWhenFiveBandsWithBlackRedYellow" time="0.000" timestamp="2018-10-24T18:37:46"/>
	<testcase classname="decode_significant_figures_tests.TestDecodeSignificantFiguresTests" name="testDecodeSigFigWhenFiveBandsWithBlackVioletBlack" time="0.000" timestamp="2018-10-24T18:37:46"/>
	<testcase classname="decode_significant_figures_tests.TestDecodeSignificantFiguresTests" name="testDecodeSigFigWhenFiveBandsWithBlackVioletBlue" time="0.000" timestamp="2018-10-24T18:37:46"/>
	<testcase classname="decode_significant_figures_tests.TestDecodeSignificantFiguresTests" name="testDecodeSigFigWhenFiveBandsWithBlackVioletBrown" time="0.000" timestamp="2018-10-24T18:37:46"/>
	<testcase classname="decode_significant_figures_tests.TestDecodeSignificantFiguresTests" name="testDecodeSigFigWhenFiveBandsWithBlackVioletGreen" time="0.000" timestamp="2018-10-24T18:37:46"/>
	<testcase classname="decode_significant_figures_tests.TestDecodeSignificantFiguresTests" name="testDecodeSigFigWhenFiveBandsWithBlackVioletGrey" time="0.000" timestamp="2018-10-24T18:37:46"/>
	<testcase classname="decode_significant_figures_tests.TestDecodeSignificantFiguresTests" name="testDecodeSigFigWhenFiveBandsWithBlackVioletOrange" time="0.000" timestamp="2018-10-24T18:37:46"/>
	<testcase classname="decode_significant_figures_tests.TestDecodeSignificantFiguresTests" name="testDecodeSigFigWhenFiveBandsWithBlackVioletRed" time="0.000" timestamp="2018-10-24T18:37:46"/>
	<testcase classname="decode_significant_figures_tests.TestDecodeSignificantFiguresTests" name="testDecodeSigFigWhenFiveBandsWithBlackVioletViolet" time="0.000" timestamp="2018-10-24T18:37:46"/>
	<testcase classname="decode_significant_figures_tests.TestDecodeSignificantFiguresTests" name="testDecodeSigFigWhenFiveBandsWithBlackVioletWhite" time="0.000" timestamp="2018-10-24T18:37:46"/>
	<testcase classname="decode_significant_figures_tests.TestDecodeSignificantFiguresTests" name="testDecodeSigFigWhenFiveBandsWithBlackVioletYellow" time="0.000" timestamp="2018-10-24T18:37:46"/>
	<testcase classname="decode_significant_figures_tests.TestDecodeSignificantFiguresTests" name="testDecodeSigFigWhenFiveBandsWithBlackWhiteBlack" time="0.000" timestamp="2018-10-24T18:37:46"/>
	<testcase classname="decode_significant_figures_tests.TestDecodeSignificantFiguresTests" name="testDecodeSigFigWhenFiveBandsWithBlackWhiteBlue" time="0.000" timestamp="2018-10-24T18:37:46"/>
	<testcase classname="decode_significant_figures_tests.TestDecodeSignificantFiguresTests" name="testDecodeSigFigWhenFiveBandsWithBlackWhiteBrown" time="0.000" timestamp="2018-10-24T18:37:46"/>
	<testcase classname="decode_significant_figures_tests.TestDecodeSignificantFiguresTests" name="testDecodeSigFigWhenFiveBandsWithBlackWhiteGreen" time="0.000" timestamp="2018-10-24T18:37:46"/>
	<testcase classname="decode_significant_figures_tests.TestDecodeSignificantFiguresTests" name="testDecodeSigFigWhenFiveBandsWithBlackWhiteGrey" time="0.000" timestamp="2018-10-24T18:37:46"/>
	<testcase classname="decode_significant_figures_tests.TestDecodeSignificantFiguresTests" name="testDecodeSigFigWhenFiveBandsWithBlackWhiteOrange" time="0.000" timestamp="2018-10-24T18:37:46"/>
	<testcase classname="decode_significant_figures_tests.TestDecodeSignificantFiguresTests" name="testDecodeSigFigWhenFiveBandsWithBlackWhiteRed" time="0.000" timestamp="2018-10-24T18:37:46"/>
	<testcase classname="decode_significant_figures_tests.TestDecodeSignificantFiguresTests" name="testDecodeSigFigWhenFiveBandsWithBlackWhiteViolet" time="0.000" timestamp="2018-10-24T18:37:46"/>
	<testcase classname="decode_significant_figures_tests.TestDecodeSignificantFiguresTests" name="testDecodeSigFigWhenFiveBandsWithBlackWhiteWhite" time="0.000" timestamp="2018-10-24T18:37:46"/>
	<testcase classname="decode_significant_figures_tests.TestDecodeSignificantFiguresTests" name="testDecodeSigFigWhenFiveBandsWithBlackWhiteYellow" time="0.000" timestamp="2018-10-24T18:37:46"/>
	<testcase classname="decode_significant_figures_tests.TestDecodeSignificantFiguresTests" name="testDecodeSigFigWhenFiveBandsWithBlackYellowBlack" time="0.000" timestamp="2018-10-24T18:37:46"/>
	<testcase classname="decode_significant_figures_tests.TestDecodeSignificantFiguresTests" name="testDecodeSigFigWhenFiveBandsWithBlackYellowBlue" time="0.000" timestamp="2018-10-24T18:37:46"/>
	<testcase classname="decode_significant_figures_tests.TestDecodeSignificantFiguresTests" name="testDecodeSigFigWhenFiveBandsWithBlackYellowBrown" time="0.000" timestamp="2018-10-24T18:37:46"/>
	<testcase classname="decode_significant_figures_tests.TestDecodeSignificantFiguresTests" name="testDecodeSigFigWhenFiveBandsWithBlackYellowGreen" time="0.000" timestamp="2018-10-24T18:37:46"/>
	<testcase classname="decode_significant_figures_tests.TestDecodeSignificantFiguresTests" name="testDecodeSigFigWhenFiveBandsWithBlackYellowGrey" time="0.000" timestamp="2018-10-24T18:37:46"/>
	<testcase classname="decode_significant_figures_tests.TestDecodeSignificantFiguresTests" name="testDecodeSigFigWhenFiveBandsWithBlackYellowOrange" time="0.000" timestamp="2018-10-24T18:37:46"/>
	<testcase classname="decode_significant_figures_tests.TestDecodeSignificantFiguresTests" name="testDecodeSigFigWhenFiveBandsWithBlackYellowRed" time="0.000" timestamp="2018-10-24T18:37:46"/>
	<testcase classname="decode_significant_figures_tests.TestDecodeSignificantFiguresTests" name="testDecodeSigFigWhenFiveBandsWithBlackYellowViolet" time="0.000" timestamp="2018-10-24T18:37:46"/>
	<testcase classname="decode_significant_figures_tests.TestDecodeSignificantFiguresTests" name="testDecodeSigFigWhenFiveBandsWithBlackYellowWhite" time="0.000" timestamp="2018-10-24T18:37:46"/>
	<testcase classname="decode_significant_figures_tests.TestDecodeSignificantFiguresTests" name="testDecodeSigFigWhenFiveBandsWithBlackYellowYellow" time="0.000" timestamp="2018-10-24T18:37:46"/>
	<testcase classname="decode_significant_figures_tests.TestDecodeSignificantFiguresTests" name="testDecodeSigFigWhenFiveBandsWithBlueBlackBlack" time="0.000" timestamp="2018-10-24T18:37:46"/>
	<testcase classname="decode_significant_figures_tests.TestDecodeSignificantFiguresTests" name="testDecodeSigFigWhenFiveBandsWithBlueBlackBlue" time="0.000" timestamp="2018-10-24T18:37:46"/>
	<testcase classname="decode_significant_figures_tests.TestDecodeSignificantFiguresTests" name="testDecodeSigFigWhenFiveBandsWithBlueBlackBrown" time="0.000" timestamp="2018-10-24T18:37:46"/>
	<testcase classname="decode_significant_figures_tests.TestDecodeSignificantFiguresTests" name="testDecodeSigFigWhenFiveBandsWithBlueBlackGreen" time="0.000" timestamp="2018-10-24T18:37:46"/>
	<testcase classname="decode_significant_figures_tests.TestDecodeSignificantFiguresTests" name="testDecodeSigFigWhenFiveBandsWithBlueBlackGrey" time="0.000" timestamp="2018-10-24T18:37:46"/>
	<testcase classname="decode_significant_figures_tests.TestDecodeSignificantFiguresTests" name="testDecodeSigFigWhenFiveBandsWithBlueBlackOrange" time="0.000" timestamp="2018-10-24T18:37:46"/>
	<testcase classname="decode_significant_figures_tests.TestDecodeSignificantFiguresTests" name="testDecodeSigFigWhenFiveBandsWithBlueBlackRed" time="0.000" timestamp="2018-10-24T18:37:46"/>
	<testcase classname="decode_significant_figures_tests.TestDecodeSignificantFiguresTests" name="testDecodeSigFigWhenFiveBandsWithBlueBlackViolet" time="0.000" timestamp="2018-10-24T18:37:46"/>
	<testcase classname="decode_significant_figures_tests.TestDecodeSignificantFiguresTests" name="testDecodeSigFigWhenFiveBandsWithBlueBlackWhite" time="0.000" timestamp="2018-10-24T18:37:46"/>
	<testcase classname="decode_significant_figures_tests.TestDecodeSignificantFiguresTests" name="testDecodeSigFigWhenFiveBandsWithBlueBlackYellow" time="0.000" timestamp="2018-10-24T18:37:46"/>
	<testcase classname="decode_significant_figures_tests.TestDecodeSignificantFiguresTests" name="testDecodeSigFigWhenFiveBandsWithBlueBlueBlack" time="0.000" timestamp="2018-10-24T18:37:46"/>
	<testcase classname="decode_significant_figures_tests.TestDecodeSignificantFiguresTests" name="testDecodeSigFigWhenFiveBandsWithBlueBlueBlue" time="0.000" timestamp="2018-10-24T18:37:46"/>
	<testcase classname="decode_significant_figures_tests.TestDecodeSignificantFiguresTests" name="testDecodeSigFigWhenFiveBandsWithBlueBlueBrown" time="0.000" timestamp="2018-10-24T18:37:46"/>
	<testcase classname="decode_significant_figures_tests.TestDecodeSignificantFiguresTests" name="testDecodeSigFigWhenFiveBandsWithBlueBlueGreen" time="0.000" timestamp="2018-10-24T18:37:46"/>
	<testcase classname="decode_significant_figures_tests.TestDecodeSignificantFiguresTests" name="testDecodeSigFigWhenFiveBandsWithBlueBlueGrey" time="0.000" timestamp="2018-10-24T18:37:46"/>
	<testcase classname="decode_significant_figures_tests.TestDecodeSignificantFiguresTests" name="testDecodeSigFigWhenFiveBandsWithBlueBlueOrange" time="0.000" timestamp="2018-10-24T18:37:46"/>
	<testcase classname="decode_significant_figures_tests.TestDecodeSignificantFiguresTests" name="testDecodeSigFigWhenFiveBandsWithBlueBlueRed" time="0.000" timestamp="2018-10-24T18:37:46"/>
	<testcase classname="decode_significant_figures_tests.TestDecodeSignificantFiguresTests" name="testDecodeSigFigWhenFiveBandsWithBlueBlueViolet" time="0.000" timestamp="2018-10-24T18:37:46"/>
	<testcase classname="decode_significant_figures_tests.TestDecodeSignificantFiguresTests" name="testDecodeSigFigWhenFiveBandsWithBlueBlueWhite" time="0.000" timestamp="2018-10-24T18:37:46"/>
	<testcase classname="decode_significant_figures_tests.TestDecodeSignificantFiguresTests" name="testDecodeSigFigWhenFiveBandsWithBlueBlueYellow" time="0.000" timestamp="2018-10-24T18:37:46"/>
	<testcase classname="decode_significant_figures_tests.TestDecodeSignificantFiguresTests" name="testDecodeSigFigWhenFiveBandsWithBlueBrownBlack" time="0.000" timestamp="2018-10-24T18:37:46"/>
	<testcase classname="decode_significant_figures_tests.TestDecodeSignificantFiguresTests" name="testDecodeSigFigWhenFiveBandsWithBlueBrownBlue" time="0.000" timestamp="2018-10-24T18:37:46"/>
	<testcase classname="decode_significant_figures_tests.TestDecodeSignificantFiguresTests" name="testDecodeSigFigWhenFiveBandsWithBlueBrownBrown" time="0.000" timestamp="2018-10-24T18:37:46"/>
	<testcase classname="decode_significant_figures_tests.TestDecodeSignificantFiguresTests" name="testDecodeSigFigWhenFiveBandsWithBlueBrownGreen" time="0.000" timestamp="2018-10-24T18:37:46"/>
	<testcase classname="decode_significant_figures_tests.TestDecodeSignificantFiguresTests" name="testDecodeSigFigWhenFiveBandsWithBlueBrownGrey" time="0.000" timestamp="2018-10-24T18:37:46"/>
	<testcase classname="decode_significant_figures_tests.TestDecodeSignificantFiguresTests" name="testDecodeSigFigWhenFiveBandsWithBlueBrownOrange" time="0.000" timestamp="2018-10-24T18:37:46"/>
	<testcase classname="decode_significant_figures_tests.TestDecodeSignificantFiguresTests" name="testDecodeSigFigWhenFiveBandsWithBlueBrownRed" time="0.000" timestamp="2018-10-24T18:37:46"/>
	<testcase classname="decode_significant_figures_tests.TestDecodeSignificantFiguresTests" name="testDecodeSigFigWhenFiveBandsWithBlueBrownViolet" time="0.000" timestamp="2018-10-24T18:37:46"/>
	<testcase classname="decode_significant_figures_tests.TestDecodeSignificantFiguresTests" name="testDecodeSigFigWhenFiveBandsWithBlueBrownWhite" time="0.000" timestamp="2018-10-24T18:37:46"/>
	<testcase classname="decode_significant_figures_tests.TestDecodeSignificantFiguresTests" name="testDecodeSigFigWhenFiveBandsWithBlueBrownYellow" time="0.000" timestamp="2018-10-24T18:37:46"/>
	<testcase classname="decode_significant_figures_tests.TestDecodeSignificantFiguresTests" name="testDecodeSigFigWhenFiveBandsWithBlueGreenBlack" time="0.000" timestamp="2018-10-24T18:37:46"/>
	<testcase classname="decode_significant_figures_tests.TestDecodeSignificantFiguresTests" name="testDecodeSigFigWhenFiveBandsWithBlueGreenBlue" time="0.000" timestamp="2018-10-24T18:37:46"/>
	<testcase classname="decode_significant_figures_tests.TestDecodeSignificantFiguresTests" name="testDecodeSigFigWhenFiveBandsWithBlueGreenBrown" time="0.000" timestamp="2018-10-24T18:37:46"/>
	<testcase classname="decode_significant_figures_tests.TestDecodeSignificantFiguresTests" name="testDecodeSigFigWhenFiveBandsWithBlueGreenGreen" time="0.000" timestamp="2018-10-24T18:37:46"/>
	<testcase classname="decode_significant_figures_tests.TestDecodeSignificantFiguresTests" name="testDecodeSigFigWhenFiveBandsWithBlueGreenGrey" time="0.000" timestamp="2018-10-24T18:37:46"/>
	<testcase classname="decode_significant_figures_tests.TestDecodeSignificantFiguresTests" name="testDecodeSigFigWhenFiveBandsWithBlueGreenOrange" time="0.000" timestamp="2018-10-24T18:37:46"/>
	<testcase classname="decode_significant_figures_tests.TestDecodeSignificantFiguresTests" name="testDecodeSigFigWhenFiveBandsWithBlueGreenRed" time="0.000" timestamp="2018-10-24T18:37:46"/>
	<testcase classname="decode_significant_figures_tests.TestDecodeSignificantFiguresTests" name="testDecodeSigFigWhenFiveBandsWithBlueGreenViolet" time="0.000" timestamp="2018-10-24T18:37:46"/>
	<testcase classname="decode_significant_figures_tests.TestDecodeSignificantFiguresTests" name="testDecodeSigFigWhenFiveBandsWithBlueGreenWhite" time="0.000" timestamp="2018-10-24T18:37:46"/>
	<testcase classname="decode_significant_figures_tests.TestDecodeSignificantFiguresTests" name="testDecodeSigFigWhenFiveBandsWithBlueGreenYellow" time="0.000" timestamp="2018-10-24T18:37:46"/>
	<testcase classname="decode_significant_figures_tests.TestDecodeSignificantFiguresTests" name="testDecodeSigFigWhenFiveBandsWithBlueGreyBlack" time="0.000" timestamp="2018-10-24T18:37:46"/>
	<testcase classname="decode_significant_figures_tests.TestDecodeSignificantFiguresTests" name="testDecodeSigFigWhenFiveBandsWithBlueGreyBlue" time="0.000" timestamp="2018-10-24T18:37:46"/>
	<testcase classname="decode_significant_figures_tests.TestDecodeSignificantFiguresTests" name="testDecodeSigFigWhenFiveBandsWithBlueGreyBrown" time="0.000" timestamp="2018-10-24T18:37:46"/>
	<testcase classname="decode_significant_figures_tests.TestDecodeSignificantFiguresTests" name="testDecodeSigFigWhenFiveBandsWithBlueGreyGreen" time="0.000" timestamp="2018-10-24T18:37:46"/>
	<testcase classname="decode_significant_figures_tests.TestDecodeSignificantFiguresTests" name="testDecodeSigFigWhenFiveBandsWithBlueGreyGrey" time="0.000" timestamp="2018-10-24T18:37:46"/>
	<testcase classname="decode_significant_figures_tests.TestDecodeSignificantFiguresTests" name="testDecodeSigFigWhenFiveBandsWithBlueGreyOrange" time="0.000" timestamp="2018-10-24T18:37:46"/>
	<testcase classname="decode_significant_figures_tests.TestDecodeSignificantFiguresTests" name="testDecodeSigFigWhenFiveBandsWithBlueGreyRed" time="0.000" timestamp="2018-10-24T18:37:46"/>
	<testcase classname="decode_significant_figures_tests.TestDecodeSignificantFiguresTests" name="testDecodeSigFigWhenFiveBandsWithBlueGreyViolet" time="0.000" timestamp="2018-10-24T18:37:46"/>
	<testcase classname="decode_significant_figures_tests.TestDecodeSignificantFiguresTests" name="testDecodeSigFigWhenFiveBandsWithBlueGreyWhite" time="0.000" timestamp="2018-10-24T18:37:46"/>
	<testcase classname="decode_significant_figures_tests.TestDecodeSignificantFiguresTests" name="testDecodeSigFigWhenFiveBandsWithBlueGreyYellow" time="0.000" timestamp="2018-10-24T18:37:46"/>
	<testcase classname="decode_significant_figures_tests.TestDecodeSignificantFiguresTests" name="testDecodeSigFigWhenFiveBandsWithBlueOrangeBlack" time="0.000" timestamp="2018-10-24T18:37:46"/>
	<testcase classname="decode_significant_figures_tests.TestDecodeSignificantFiguresTests" name="testDecodeSigFigWhenFiveBandsWithBlueOrangeBlue" time="0.000" timestamp="2018-10-24T18:37:46"/>
	<testcase classname="decode_significant_figures_tests.TestDecodeSignificantFiguresTests" name="testDecodeSigFigWhenFiveBandsWithBlueOrangeBrown" time="0.000" timestamp="2018-10-24T18:37:46"/>
	<testcase classname="decode_significant_figures_tests.TestDecodeSignificantFiguresTests" name="testDecodeSigFigWhenFiveBandsWithBlueOrangeGreen" time="0.000" timestamp="2018-10-24T18:37:46"/>
	<testcase classname="decode_significant_figures_tests.TestDecodeSignificantFiguresTests" name="testDecodeSigFigWhenFiveBandsWithBlueOrangeGrey" time="0.000" timestamp="2018-10-24T18:37:46"/>
	<testcase classname="decode_significant_figures_tests.TestDecodeSignificantFiguresTests" name="testDecodeSigFigWhenFiveBandsWithBlueOrangeOrange" time="0.000" timestamp="2018-10-24T18:37:46"/>
	<testcase classname="decode_significant_figures_tests.TestDecodeSignificantFiguresTests" name="testDecodeSigFigWhenFiveBandsWithBlueOrangeRed" time="0.000" timestamp="2018-10-24T18:37:46"/>
	<testcase classname="decode_significant_figures_tests.TestDecodeSignificantFiguresTests" name="testDecodeSigFigWhenFiveBandsWithBlueOrangeViolet" time="0.000" timestamp="2018-10-24T18:37:46"/>
	<testcase classname="decode_significant_figures_tests.TestDecodeSignificantFiguresTests" name="testDecodeSigFigWhenFiveBandsWithBlueOrangeWhite" time="0.000" timestamp="2018-10-24T18:37:46"/>
	<testcase classname="decode_significant_figures_tests.TestDecodeSignificantFiguresTests" name="testDecodeSigFigWhenFiveBandsWithBlueOrangeYellow" time="0.000" timestamp="2018-10-24T18:37:46"/>
	<testcase classname="decode_significant_figures_tests.TestDecodeSignificantFiguresTests" name="testDecodeSigFigWhenFiveBandsWithBlueRedBlack" time="0.000" timestamp="2018-10-24T18:37:46"/>
	<testcase classname="decode_significant_figures_tests.TestDecodeSignificantFiguresTests" name="testDecodeSigFigWhenFiveBandsWithBlueRedBlue" time="0.000" timestamp="2018-10-24T18:37:46"/>
	<testcase classname="decode_significant_figures_tests.TestDecodeSignificantFiguresTests" name="testDecodeSigFigWhenFiveBandsWithBlueRedBrown" time="0.000" timestamp="2018-10-24T18:37:46"/>
	<testcase classname="decode_significant_figures_tests.TestDecodeSignificantFiguresTests" name="testDecodeSigFigWhenFiveBandsWithBlueRedGreen" time="0.000" timestamp="2018-10-24T18:37:46"/>
	<testcase classname="decode_significant_figures_tests.TestDecodeSignificantFiguresTests" name="testDecodeSigFigWhenFiveBandsWithBlueRedGrey" time="0.000" timestamp="2018-10-24T18:37:46"/>
	<testcase classname="decode_significant_figures_tests.TestDecodeSignificantFiguresTests" name="testDecodeSigFigWhenFiveBandsWithBlueRedOrange" time="0.000" timestamp="2018-10-24T18:37:46"/>
	<testcase classname="decode_significant_figures_tests.TestDecodeSignificantFiguresTests" name="testDecodeSigFigWhenFiveBandsWithBlueRedRed" time="0.000" timestamp="2018-10-24T18:37:46"/>
	<testcase classname="decode_significant_figures_tests.TestDecodeSignificantFiguresTests" name="testDecodeSigFigWhenFiveBandsWithBlueRedViolet" time="0.000" timestamp="2018-10-24T18:37:46"/>
	<testcase classname="decode_significant_figures_tests.TestDecodeSignificantFiguresTests" name="testDecodeSigFigWhenFiveBandsWithBlueRedWhite" time="0.000" timestamp="2018-10-24T18:37:46"/>
	<testcase classname="decode_significant_figures_tests.TestDecodeSignificantFiguresTests" name="testDecodeSigFigWhenFiveBandsWithBlueRedYellow" time="0.000" timestamp="2018-10-24T18:37:46"/>
	<testcase classname="decode_significant_figures_tests.TestDecodeSignificantFiguresTests" name="testDecodeSigFigWhenFiveBandsWithBlueVioletBlack" time="0.000" timestamp="2018-10-24T18:37:46"/>
	<testcase classname="decode_significant_figures_tests.TestDecodeSignificantFiguresTests" name="testDecodeSigFigWhenFiveBandsWithBlueVioletBlue" time="0.000" timestamp="2018-10-24T18:37:46"/>
	<testcase classname="decode_significant_figures_tests.TestDecodeSignificantFiguresTests" name="testDecodeSigFigWhenFiveBandsWithBlueVioletBrown" time="0.000" timestamp="2018-10-24T18:37:46"/>
	<testcase classname="decode_significant_figures_tests.TestDecodeSignificantFiguresTests" name="testDecodeSigFigWhenFiveBandsWithBlueVioletGreen" time="0.000" timestamp="2018-10-24T18:37:46"/>
	<testcase classname="decode_significant_figures_tests.TestDecodeSignificantFiguresTests" name="testDecodeSigFigWhenFiveBandsWithBlueVioletGrey" time="0.000" timestamp="2018-10-24T18:37:46"/>
	<testcase classname="decode_significant_figures_tests.TestDecodeSignificantFiguresTests" name="testDecodeSigFigWhenFiveBandsWithBlueVioletOrange" time="0.000" timestamp="2018-10-24T18:37:46"/>
	<testcase classname="decode_significant_figures_tests.TestDecodeSignificantFiguresTests" name="testDecodeSigFigWhenFiveBandsWithBlueVioletRed" time="0.000" timestamp="2018-10-24T18:37:46"/>
	<testcase classname="decode_significant_figures_tests.TestDecodeSignificantFiguresTests" name="testDecodeSigFigWhenFiveBandsWithBlueVioletViolet" time="0.000" timestamp="2018-10-24T18:37:46"/>
	<testcase classname="decode_significant_figures_tests.TestDecodeSignificantFiguresTests" name="testDecodeSigFigWhenFiveBandsWithBlueVioletWhite" time="0.000" timestamp="2018-10-24T18:37:46"/>
	<testcase classname="decode_significant_figures_tests.TestDecodeSignificantFiguresTests" name="testDecodeSigFigWhenFiveBandsWithBlueVioletYellow" time="0.000" timestamp="2018-10-24T18:37:46"/>
	<testcase classname="decode_significant_figures_tests.TestDecodeSignificantFiguresTests" name="testDecodeSigFigWhenFiveBandsWithBlueWhiteBlack" time="0.000" timestamp="2018-10-24T18:37:46"/>
	<testcase classname="decode_significant_figures_tests.TestDecodeSignificantFiguresTests" name="testDecodeSigFigWhenFiveBandsWithBlueWhiteBlue" time="0.000" timestamp="2018-10-24T18:37:46"/>
	<testcase classname="decode_significant_figures_tests.TestDecodeSignificantFiguresTests" name="testDecodeSigFigWhenFiveBandsWithBlueWhiteBrown" time="0.000" timestamp="2018-10-24T18:37:46"/>
	<testcase classname="decode_significant_figures_tests.TestDecodeSignificantFiguresTests" name="testDecodeSigFigWhenFiveBandsWithBlueWhiteGreen" time="0.000" timestamp="2018-10-24T18:37:46"/>
	<testcase classname="decode_significant_figures_tests.TestDecodeSignificantFiguresTests" name="testDecodeSigFigWhenFiveBandsWithBlueWhiteGrey" time="0.000" timestamp="2018-10-24T18:37:46"/>
	<testcase classname="decode_significant_figures_tests.TestDecodeSignificantFiguresTests" name="testDecodeSigFigWhenFiveBandsWithBlueWhiteOrange" time="0.000" timestamp="2018-10-24T18:37:46"/>
	<testcase classname="decode_significant_figures_tests.TestDecodeSignificantFiguresTests" name="testDecodeSigFigWhenFiveBandsWithBlueWhiteRed" time="0.000" timestamp="2018-10-24T18:37:46"/>
	<testcase classname="decode_significant_figures_tests.TestDecodeSignificantFiguresTests" name="testDecodeSigFigWhenFiveBandsWithBlueWhiteViolet" time="0.000" timestamp="2018-10-24T18:37:46"/>
	<testcase classname="decode_significant_figures_tests.TestDecodeSignificantFiguresTests" name="testDecodeSigFigWhenFiveBandsWithBlueWhiteWhite" time="0.000" timestamp="2018-10-24T18:37:46"/>
	<testcase classname="decode_significant_figures_tests.TestDecodeSignificantFiguresTests" name="testDecodeSigFigWhenFiveBandsWithBlueWhiteYellow" time="0.000" timestamp="2018-10-24T18:37:46"/>
	<testcase classname="decode_significant_figures_tests.TestDecodeSignificantFiguresTests" name="testDecodeSigFigWhenFiveBandsWithBlueYellowBlack" time="0.000" timestamp="2018-10-24T18:37:46"/>
	<testcase classname="decode_significant_figures_tests.TestDecodeSignificantFiguresTests" name="testDecodeSigFigWhenFiveBandsWithBlueYellowBlue" time="0.000" timestamp="2018-10-24T18:37:46"/>
	<testcase classname="decode_significant_figures_tests.TestDecodeSignificantFiguresTests" name="testDecodeSigFigWhenFiveBandsWithBlueYellowBrown" time="0.000" timestamp="2018-10-24T18:37:46"/>
	<testcase classname="decode_significant_figures_tests.TestDecodeSignificantFiguresTests" name="testDecodeSigFigWhenFiveBandsWithBlueYellowGreen" time="0.000" timestamp="2018-10-24T18:37:46"/>
	<testcase classname="decode_significant_figures_tests.TestDecodeSignificantFiguresTests" name="testDecodeSigFigWhenFiveBandsWithBlueYellowGrey" time="0.000" timestamp="2018-10-24T18:37:46"/>
	<testcase classname="decode_significant_figures_tests.TestDecodeSignificantFiguresTests" name="testDecodeSigFigWhenFiveBandsWithBlueYellowOrange" time="0.000" timestamp="2018-10-24T18:37:46"/>
	<testcase classname="decode_significant_figures_tests.TestDecodeSignificantFiguresTests" name="testDecodeSigFigWhenFiveBandsWithBlueYellowRed" time="0.000" timestamp="2018-10-24T18:37:46"/>
	<testcase classname="decode_significant_figures_tests.TestDecodeSignificantFiguresTests" name="testDecodeSigFigWhenFiveBandsWithBlueYellowViolet" time="0.000" timestamp="2018-10-24T18:37:46"/>
	<testcase classname="decode_significant_figures_tests.TestDecodeSignificantFiguresTests" name="testDecodeSigFigWhenFiveBandsWithBlueYellowWhite" time="0.000" timestamp="2018-10-24T18:37:46"/>
	<testcase classname="decode_significant_figures_tests.TestDecodeSignificantFiguresTests" name="testDecodeSigFigWhenFiveBandsWithBlueYellowYellow" time="0.000" timestamp="2018-10-24T18:37:46"/>
	<testcase classname="decode_significant_figures_tests.TestDecodeSignificantFiguresTests" name="testDecodeSigFigWhenFiveBandsWithBrownBlackBlack" time="0.000" timestamp="2018-10-24T18:37:46"/>
	<testcase classname="decode_significant_figures_tests.TestDecodeSignificantFiguresTests" name="testDecodeSigFigWhenFiveBandsWithBrownBlackBlue" time="0.000" timestamp="2018-10-24T18:37:46"/>
	<testcase classname="decode_significant_figures_tests.TestDecodeSignificantFiguresTests" name="testDecodeSigFigWhenFiveBandsWithBrownBlackBrown" time="0.000" timestamp="2018-10-24T18:37:46"/>
	<testcase classname="decode_significant_figures_tests.TestDecodeSignificantFiguresTests" name="testDecodeSigFigWhenFiveBandsWithBrownBlackGreen" time="0.000" timestamp="2018-10-24T18:37:46"/>
	<testcase classname="decode_significant_figures_tests.TestDecodeSignificantFiguresTests" name="testDecodeSigFigWhenFiveBandsWithBrownBlackGrey" time="0.000" timestamp="2018-10-24T18:37:46"/>
	<testcase classname="decode_significant_figures_tests.TestDecodeSignificantFiguresTests" name="testDecodeSigFigWhenFiveBandsWithBrownBlackOrange" time="0.000" timestamp="2018-10-24T18:37:46"/>
	<testcase classname="decode_significant_figures_tests.TestDecodeSignificantFiguresTests" name="testDecodeSigFigWhenFiveBandsWithBrownBlackRed" time="0.000" timestamp="2018-10-24T18:37:46"/>
	<testcase classname="decode_significant_figures_tests.TestDecodeSignificantFiguresTests" name="testDecodeSigFigWhenFiveBandsWithBrownBlackViolet" time="0.000" timestamp="2018-10-24T18:37:46"/>
	<testcase classname="decode_significant_figures_tests.TestDecodeSignificantFiguresTests" name="testDecodeSigFigWhenFiveBandsWithBrownBlackWhite" time="0.000" timestamp="2018-10-24T18:37:46"/>
	<testcase classname="decode_significant_figures_tests.TestDecodeSignificantFiguresTests" name="testDecodeSigFigWhenFiveBandsWithBrownBlackYellow" time="0.000" timestamp="2018-10-24T18:37:46"/>
	<testcase classname="decode_significant_figures_tests.TestDecodeSignificantFiguresTests" name="testDecodeSigFigWhenFiveBandsWithBrownBlueBlack" time="0.000" timestamp="2018-10-24T18:37:46"/>
	<testcase classname="decode_significant_figures_tests.TestDecodeSignificantFiguresTests" name="testDecodeSigFigWhenFiveBandsWithBrownBlueBlue" time="0.000" timestamp="2018-10-24T18:37:46"/>
	<testcase classname="decode_significant_figures_tests.TestDecodeSignificantFiguresTests" name="testDecodeSigFigWhenFiveBandsWithBrownBlueBrown" time="0.000" timestamp="2018-10-24T18:37:46"/>
	<testcase classname="decode_significant_figures_tests.TestDecodeSignificantFiguresTests" name="testDecodeSigFigWhenFiveBandsWithBrownBlueGreen" time="0.000" timestamp="2018-10-24T18:37:46"/>
	<testcase classname="decode_significant_figures_tests.TestDecodeSignificantFiguresTests" name="testDecodeSigFigWhenFiveBandsWithBrownBlueGrey" time="0.000" timestamp="2018-10-24T18:37:46"/>
	<testcase classname="decode_significant_figures_tests.TestDecodeSignificantFiguresTests" name="testDecodeSigFigWhenFiveBandsWithBrownBlueOrange" time="0.000" timestamp="2018-10-24T18:37:46"/>
	<testcase classname="decode_significant_figures_tests.TestDecodeSignificantFiguresTests" name="testDecodeSigFigWhenFiveBandsWithBrownBlueRed" time="0.000" timestamp="2018-10-24T18:37:46"/>
	<testcase classname="decode_significant_figures_tests.TestDecodeSignificantFiguresTests" name="testDecodeSigFigWhenFiveBandsWithBrownBlueViolet" time="0.000" timestamp="2018-10-24T18:37:46"/>
	<testcase classname="decode_significant_figures_tests.TestDecodeSignificantFiguresTests" name="testDecodeSigFigWhenFiveBandsWithBrownBlueWhite" time="0.000" timestamp="2018-10-24T18:37:46"/>
	<testcase classname="decode_significant_figures_tests.TestDecodeSignificantFiguresTests" name="testDecodeSigFigWhenFiveBandsWithBrownBlueYellow" time="0.000" timestamp="2018-10-24T18:37:46"/>
	<testcase classname="decode_significant_figures_tests.TestDecodeSignificantFiguresTests" name="testDecodeSigFigWhenFiveBandsWithBrownBrownBlack" time="0.000" timestamp="2018-10-24T18:37:46"/>
	<testcase classname="decode_significant_figures_tests.TestDecodeSignificantFiguresTests" name="testDecodeSigFigWhenFiveBandsWithBrownBrownBlue" time="0.000" timestamp="2018-10-24T18:37:46"/>
	<testcase classname="decode_significant_figures_tests.TestDecodeSignificantFiguresTests" name="testDecodeSigFigWhenFiveBandsWithBrownBrownBrown" time="0.000" timestamp="2018-10-24T18:37:46"/>
	<testcase classname="decode_significant_figures_tests.TestDecodeSignificantFiguresTests" name="testDecodeSigFigWhenFiveBandsWithBrownBrownGreen" time="0.000" timestamp="2018-10-24T18:37:46"/>
	<testcase classname="decode_significant_figures_tests.TestDecodeSignificantFiguresTests" name="testDecodeSigFigWhenFiveBandsWithBrownBrownGrey" time="0.000" timestamp="2018-10-24T18:37:46"/>
	<testcase classname="decode_significant_figures_tests.TestDecodeSignificantFiguresTests" name="testDecodeSigFigWhenFiveBandsWithBrownBrownOrange" time="0.000" timestamp="2018-10-24T18:37:46"/>
	<testcase classname="decode_significant_figures_tests.TestDecodeSignificantFiguresTests" name="testDecodeSigFigWhenFiveBandsWithBrownBrownRed" time="0.000" timestamp="2018-10-24T18:37:46"/>
	<testcase classname="decode_significant_figures_tests.TestDecodeSignificantFiguresTests" name="testDecodeSigFigWhenFiveBandsWithBrownBrownViolet" time="0.000" timestamp="2018-10-24T18:37:46"/>
	<testcase classname="decode_significant_figures_tests.TestDecodeSignificantFiguresTests" name="testDecodeSigFigWhenFiveBandsWithBrownBrownWhite" time="0.000" timestamp="2018-10-24T18:37:46"/>
	<testcase classname="decode_significant_figures_tests.TestDecodeSignificantFiguresTests" name="testDecodeSigFigWhenFiveBandsWithBrownBrownYellow" time="0.000" timestamp="2018-10-24T18:37:46"/>
	<testcase classname="decode_significant_figures_tests.TestDecodeSignificantFiguresTests" name="testDecodeSigFigWhenFiveBandsWithBrownGreenBlack" time="0.000" timestamp="2018-10-24T18:37:46"/>
	<testcase classname="decode_significant_figures_tests.TestDecodeSignificantFiguresTests" name="testDecodeSigFigWhenFiveBandsWithBrownGreenBlue" time="0.000" timestamp="2018-10-24T18:37:46"/>
	<testcase classname="decode_significant_figures_tests.TestDecodeSignificantFiguresTests" name="testDecodeSigFigWhenFiveBandsWithBrownGreenBrown" time="0.000" timestamp="2018-10-24T18:37:46"/>
	<testcase classname="decode_significant_figures_tests.TestDecodeSignificantFiguresTests" name="testDecodeSigFigWhenFiveBandsWithBrownGreenGreen" time="0.000" timestamp="2018-10-24T18:37:46"/>
	<testcase classname="decode_significant_figures_tests.TestDecodeSignificantFiguresTests" name="testDecodeSigFigWhenFiveBandsWithBrownGreenGrey" time="0.000" timestamp="2018-10-24T18:37:46"/>
	<testcase classname="decode_significant_figures_tests.TestDecodeSignificantFiguresTests" name="testDecodeSigFigWhenFiveBandsWithBrownGreenOrange" time="0.000" timestamp="2018-10-24T18:37:46"/>
	<testcase classname="decode_significant_figures_tests.TestDecodeSignificantFiguresTests" name="testDecodeSigFigWhenFiveBandsWithBrownGreenRed" time="0.000" timestamp="2018-10-24T18:37:46"/>
	<testcase classname="decode_significant_figures_tests.TestDecodeSignificantFiguresTests" name="testDecodeSigFigWhenFiveBandsWithBrownGreenViolet" time="0.000" timestamp="2018-10-24T18:37:46"/>
	<testcase classname="decode_significant_figures_tests.TestDecodeSignificantFiguresTests" name="testDecodeSigFigWhenFiveBandsWithBrownGreenWhite" time="0.000" timestamp="2018-10-24T18:37:46"/>
	<testcase classname="decode_significant_figures_tests.TestDecodeSignificantFiguresTests" name="testDecodeSigFigWhenFiveBandsWithBrownGreenYellow" time="0.000" timestamp="2018-10-24T18:37:46"/>
	<testcase classname="decode_significant_figures_tests.TestDecodeSignificantFiguresTests" name="testDecodeSigFigWhenFiveBandsWithBrownGreyBlack" time="0.000" timestamp="2018-10-24T18:37:46"/>
	<testcase classname="decode_significant_figures_tests.TestDecodeSignificantFiguresTests" name="testDecodeSigFigWhenFiveBandsWithBrownGreyBlue" time="0.000" timestamp="2018-10-24T18:37:46"/>
	<testcase classname="decode_significant_figures_tests.TestDecodeSignificantFiguresTests" name="testDecodeSigFigWhenFiveBandsWithBrownGreyBrown" time="0.000" timestamp="2018-10-24T18:37:46"/>
	<testcase classname="decode_significant_figures_tests.TestDecodeSignificantFiguresTests" name="testDecodeSigFigWhenFiveBandsWithBrownGreyGreen" time="0.000" timestamp="2018-10-24T18:37:46"/>
	<testcase classname="decode_significant_figures_tests.TestDecodeSignificantFiguresTests" name="testDecodeSigFigWhenFiveBandsWithBrownGreyGrey" time="0.000" timestamp="2018-10-24T18:37:46"/>
	<testcase classname="decode_significant_figures_tests.TestDecodeSignificantFiguresTests" name="testDecodeSigFigWhenFiveBandsWithBrownGreyOrange" time="0.000" timestamp="2018-10-24T18:37:46"/>
	<testcase classname="decode_significant_figures_tests.TestDecodeSignificantFiguresTests" name="testDecodeSigFigWhenFiveBandsWithBrownGreyRed" time="0.000" timestamp="2018-10-24T18:37:46"/>
	<testcase classname="decode_significant_figures_tests.TestDecodeSignificantFiguresTests" name="testDecodeSigFigWhenFiveBandsWithBrownGreyViolet" time="0.000" timestamp="2018-10-24T18:37:46"/>
	<testcase classname="decode_significant_figures_tests.TestDecodeSignificantFiguresTests" name="testDecodeSigFigWhenFiveBandsWithBrownGreyWhite" time="0.000" timestamp="2018-10-24T18:37:46"/>
	<testcase classname="decode_significant_figures_tests.TestDecodeSignificantFiguresTests" name="testDecodeSigFigWhenFiveBandsWithBrownGreyYellow" time="0.000" timestamp="2018-10-24T18:37:46"/>
	<testcase classname="decode_significant_figures_tests.TestDecodeSignificantFiguresTests" name="testDecodeSigFigWhenFiveBandsWithBrownOrangeBlack" time="0.000" timestamp="2018-10-24T18:37:46"/>
	<testcase classname="decode_significant_figures_tests.TestDecodeSignificantFiguresTests" name="testDecodeSigFigWhenFiveBandsWithBrownOrangeBlue" time="0.000" timestamp="2018-10-24T18:37:46"/>
	<testcase classname="decode_significant_figures_tests.TestDecodeSignificantFiguresTests" name="testDecodeSigFigWhenFiveBandsWithBrownOrangeBrown" time="0.000" timestamp="2018-10-24T18:37:46"/>
	<testcase classname="decode_significant_figures_tests.TestDecodeSignificantFiguresTests" name="testDecodeSigFigWhenFiveBandsWithBrownOrangeGreen" time="0.000" timestamp="2018-10-24T18:37:46"/>
	<testcase classname="decode_significant_figures_tests.TestDecodeSignificantFiguresTests" name="testDecodeSigFigWhenFiveBandsWithBrownOrangeGrey" time="0.000" timestamp="2018-10-24T18:37:46"/>
	<testcase classname="decode_significant_figures_tests.TestDecodeSignificantFiguresTests" name="testDecodeSigFigWhenFiveBandsWithBrownOrangeOrange" time="0.000" timestamp="2018-10-24T18:37:46"/>
	<testcase classname="decode_significant_figures_tests.TestDecodeSignificantFiguresTests" name="testDecodeSigFigWhenFiveBandsWithBrownOrangeRed" time="0.000" timestamp="2018-10-24T18:37:46"/>
	<testcase classname="decode_significant_figures_tests.TestDecodeSignificantFiguresTests" name="testDecodeSigFigWhenFiveBandsWithBrownOrangeViolet" time="0.000" timestamp="2018-10-24T18:37:46"/>
	<testcase classname="decode_significant_figures_tests.TestDecodeSignificantFiguresTests" name="testDecodeSigFigWhenFiveBandsWithBrownOrangeWhite" time="0.000" timestamp="2018-10-24T18:37:46"/>
	<testcase classname="decode_significant_figures_tests.TestDecodeSignificantFiguresTests" name="testDecodeSigFigWhenFiveBandsWithBrownOrangeYellow" time="0.000" timestamp="2018-10-24T18:37:46"/>
	<testcase classname="decode_significant_figures_tests.TestDecodeSignificantFiguresTests" name="testDecodeSigFigWhenFiveBandsWithBrownRedBlack" time="0.000" timestamp="2018-10-24T18:37:46"/>
	<testcase classname="decode_significant_figures_tests.TestDecodeSignificantFiguresTests" name="testDecodeSigFigWhenFiveBandsWithBrownRedBlue" time="0.000" timestamp="2018-10-24T18:37:46"/>
	<testcase classname="decode_significant_figures_tests.TestDecodeSignificantFiguresTests" name="testDecodeSigFigWhenFiveBandsWithBrownRedBrown" time="0.000" timestamp="2018-10-24T18:37:46"/>
	<testcase classname="decode_significant_figures_tests.TestDecodeSignificantFiguresTests" name="testDecodeSigFigWhenFiveBandsWithBrownRedGreen" time="0.000" timestamp="2018-10-24T18:37:46"/>
	<testcase classname="decode_significant_figures_tests.TestDecodeSignificantFiguresTests" name="testDecodeSigFigWhenFiveBandsWithBrownRedGrey" time="0.000" timestamp="2018-10-24T18:37:46"/>
	<testcase classname="decode_significant_figures_tests.TestDecodeSignificantFiguresTests" name="testDecodeSigFigWhenFiveBandsWithBrownRedOrange" time="0.000" timestamp="2018-10-24T18:37:46"/>
	<testcase classname="decode_significant_figures_tests.TestDecodeSignificantFiguresTests" name="testDecodeSigFigWhenFiveBandsWithBrownRedRed" time="0.000" timestamp="2018-10-24T18:37:46"/>
	<testcase classname="decode_significant_figures_tests.TestDecodeSignificantFiguresTests" name="testDecodeSigFigWhenFiveBandsWithBrownRedViolet" time="0.000" timestamp="2018-10-24T18:37:46"/>
	<testcase classname="decode_significant_figures_tests.TestDecodeSignificantFiguresTests" name="testDecodeSigFigWhenFiveBandsWithBrownRedWhite" time="0.000" timestamp="2018-10-24T18:37:46"/>
	<testcase classname="decode_significant_figures_tests.TestDecodeSignificantFiguresTests" name="testDecodeSigFigWhenFiveBandsWithBrownRedYellow" time="0.000" timestamp="2018-10-24T18:37:46"/>
	<testcase classname="decode_significant_figures_tests.TestDecodeSignificantFiguresTests" name="testDecodeSigFigWhenFiveBandsWithBrownVioletBlack" time="0.000" timestamp="2018-10-24T18:37:46"/>
	<testcase classname="decode_significant_figures_tests.TestDecodeSignificantFiguresTests" name="testDecodeSigFigWhenFiveBandsWithBrownVioletBlue" time="0.000" timestamp="2018-10-24T18:37:46"/>
	<testcase classname="decode_significant_figures_tests.TestDecodeSignificantFiguresTests" name="testDecodeSigFigWhenFiveBandsWithBrownVioletBrown" time="0.000" timestamp="2018-10-24T18:37:46"/>
	<testcase classname="decode_significant_figures_tests.TestDecodeSignificantFiguresTests" name="testDecodeSigFigWhenFiveBandsWithBrownVioletGreen" time="0.000" timestamp="2018-10-24T18:37:46"/>
	<testcase classname="decode_significant_figures_tests.TestDecodeSignificantFiguresTests" name="testDecodeSigFigWhenFiveBandsWithBrownVioletGrey" time="0.000" timestamp="2018-10-24T18:37:46"/>
	<testcase classname="decode_significant_figures_tests.TestDecodeSignificantFiguresTests" name="testDecodeSigFigWhenFiveBandsWithBrownVioletOrange" time="0.000" timestamp="2018-10-24T18:37:46"/>
	<testcase classname="decode_significant_figures_tests.TestDecodeSignificantFiguresTests" name="testDecodeSigFigWhenFiveBandsWithBrownVioletRed" time="0.000" timestamp="2018-10-24T18:37:46"/>
	<testcase classname="decode_significant_figures_tests.TestDecodeSignificantFiguresTests" name="testDecodeSigFigWhenFiveBandsWithBrownVioletViolet" time="0.000" timestamp="2018-10-24T18:37:46"/>
	<testcase classname="decode_significant_figures_tests.TestDecodeSignificantFiguresTests" name="testDecodeSigFigWhenFiveBandsWithBrownVioletWhite" time="0.000" timestamp="2018-10-24T18:37:46"/>
	<testcase classname="decode_significant_figures_tests.TestDecodeSignificantFiguresTests" name="testDecodeSigFigWhenFiveBandsWithBrownVioletYellow" time="0.000" timestamp="2018-10-24T18:37:46"/>
	<testcase classname="decode_significant_figures_tests.TestDecodeSignificantFiguresTests" name="testDecodeSigFigWhenFiveBandsWithBrownWhiteBlack" time="0.000" timestamp="2018-10-24T18:37:46"/>
	<testcase classname="decode_significant_figures_tests.TestDecodeSignificantFiguresTests" name="testDecodeSigFigWhenFiveBandsWithBrownWhiteBlue" time="0.000" timestamp="2018-10-24T18:37:46"/>
	<testcase classname="decode_significant_figures_tests.TestDecodeSignificantFiguresTests" name="testDecodeSigFigWhenFiveBandsWithBrownWhiteBrown" time="0.000" timestamp="2018-10-24T18:37:46"/>
	<testcase classname="decode_significant_figures_tests.TestDecodeSignificantFiguresTests" name="testDecodeSigFigWhenFiveBandsWithBrownWhiteGreen" time="0.000" timestamp="2018-10-24T18:37:46"/>
	<testcase classname="decode_significant_figures_tests.TestDecodeSignificantFiguresTests" name="testDecodeSigFigWhenFiveBandsWithBrownWhiteGrey" time="0.000" timestamp="2018-10-24T18:37:46"/>
	<testcase classname="decode_significant_figures_tests.TestDecodeSignificantFiguresTests" name="testDecodeSigFigWhenFiveBandsWithBrownWhiteOrange" time="0.000" timestamp="2018-10-24T18:37:46"/>
	<testcase classname="decode_significant_figures_tests.TestDecodeSignificantFiguresTests" name="testDecodeSigFigWhenFiveBandsWithBrownWhiteRed" time="0.000" timestamp="2018-10-24T18:37:46"/>
	<testcase classname="decode_significant_figures_tests.TestDecodeSignificantFiguresTests" name="testDecodeSigFigWhenFiveBandsWithBrownWhiteViolet" time="0.000" timestamp="2018-10-24T18:37:46"/>
	<testcase classname="decode_significant_figures_tests.TestDecodeSignificantFiguresTests" name="testDecodeSigFigWhenFiveBandsWithBrownWhiteWhite" time="0.000" timestamp="2018-10-24T18:37:46"/>
	<testcase classname="decode_significant_figures_tests.TestDecodeSignificantFiguresTests" name="testDecodeSigFigWhenFiveBandsWithBrownWhiteYellow" time="0.000" timestamp="2018-10-24T18:37:46"/>
	<testcase classname="decode_significant_figures_tests.TestDecodeSignificantFiguresTests" name="testDecodeSigFigWhenFiveBandsWithBrownYellowBlack" time="0.000" timestamp="2018-10-24T18:37:46"/>
	<testcase classname="decode_significant_figures_tests.TestDecodeSignificantFiguresTests" name="testDecodeSigFigWhenFiveBandsWithBrownYellowBlue" time="0.000" timestamp="2018-10-24T18:37:46"/>
	<testcase classname="decode_significant_figures_tests.TestDecodeSignificantFiguresTests" name="testDecodeSigFigWhenFiveBandsWithBrownYellowBrown" time="0.000" timestamp="2018-10-24T18:37:46"/>
	<testcase classname="decode_significant_figures_tests.TestDecodeSignificantFiguresTests" name="testDecodeSigFigWhenFiveBandsWithBrownYellowGreen" time="0.000" timestamp="2018-10-24T18:37:46"/>
	<testcase classname="decode_significant_figures_tests.TestDecodeSignificantFiguresTests" name="testDecodeSigFigWhenFiveBandsWithBrownYellowGrey" time="0.000" timestamp="2018-10-24T18:37:46"/>
	<testcase classname="decode_significant_figures_tests.TestDecodeSignificantFiguresTests" name="testDecodeSigFigWhenFiveBandsWithBrownYellowOrange" time="0.000" timestamp="2018-10-24T18:37:46"/>
	<testcase classname="decode_significant_figures_tests.TestDecodeSignificantFiguresTests" name="testDecodeSigFigWhenFiveBandsWithBrownYellowRed" time="0.000" timestamp="2018-10-24T18:37:46"/>
	<testcase classname="decode_significant_figures_tests.TestDecodeSignificantFiguresTests" name="testDecodeSigFigWhenFiveBandsWithBrownYellowViolet" time="0.000" timestamp="2018-10-24T18:37:46"/>
	<testcase classname="decode_significant_figures_tests.TestDecodeSignificantFiguresTests" name="testDecodeSigFigWhenFiveBandsWithBrownYellowWhite" time="0.000" timestamp="2018-10-24T18:37:46"/>
	<testcase classname="decode_significant_figures_tests.TestDecodeSignificantFiguresTests" name="testDecodeSigFigWhenFiveBandsWithBrownYellowYellow" time="0.000" timestamp="2018-10-24T18:37:46"/>
	<testcase classname="decode_significant_figures_tests.TestDecodeSignificantFiguresTests" name="testDecodeSigFigWhenFiveBandsWithGreenBlackBlack" time="0.000" timestamp="2018-10-24T18:37:46"/>
	<testcase classname="decode_significant_figures_tests.TestDecodeSignificantFiguresTests" name="testDecodeSigFigWhenFiveBandsWithGreenBlackBlue" time="0.000" timestamp="2018-10-24T18:37:46"/>
	<testcase classname="decode_significant_figures_tests.TestDecodeSignificantFiguresTests" name="testDecodeSigFigWhenFiveBandsWithGreenBlackBrown" time="0.000" timestamp="2018-10-24T18:37:46"/>
	<testcase classname="decode_significant_figures_tests.TestDecodeSignificantFiguresTests" name="testDecodeSigFigWhenFiveBandsWithGreenBlackGreen" time="0.000" timestamp="2018-10-24T18:37:46"/>
	<testcase classname="decode_significant_figures_tests.TestDecodeSignificantFiguresTests" name="testDecodeSigFigWhenFiveBandsWithGreenBlackGrey" time="0.000" timestamp="2018-10-24T18:37:46"/>
	<testcase classname="decode_significant_figures_tests.TestDecodeSignificantFiguresTests" name="testDecodeSigFigWhenFiveBandsWithGreenBlackOrange" time="0.000" timestamp="2018-10-24T18:37:46"/>
	<testcase classname="decode_significant_figures_tests.TestDecodeSignificantFiguresTests" name="testDecodeSigFigWhenFiveBandsWithGreenBlackRed" time="0.000" timestamp="2018-10-24T18:37:46"/>
	<testcase classname="decode_significant_figures_tests.TestDecodeSignificantFiguresTests" name="testDecodeSigFigWhenFiveBandsWithGreenBlackViolet" time="0.000" timestamp="2018-10-24T18:37:46"/>
	<testcase classname="decode_significant_figures_tests.TestDecodeSignificantFiguresTests" name="testDecodeSigFigWhenFiveBandsWithGreenBlackWhite" time="0.000" timestamp="2018-10-24T18:37:46"/>
	<testcase classname="decode_significant_figures_tests.TestDecodeSignificantFiguresTests" name="testDecodeSigFigWhenFiveBandsWithGreenBlackYellow" time="0.000" timestamp="2018-10-24T18:37:46"/>
	<testcase classname="decode_significant_figures_tests.TestDecodeSignificantFiguresTests" name="testDecodeSigFigWhenFiveBandsWithGreenBlueBlack" time="0.000" timestamp="2018-10-24T18:37:46"/>
	<testcase classname="decode_significant_figures_tests.TestDecodeSignificantFiguresTests" name="testDecodeSigFigWhenFiveBandsWithGreenBlueBlue" time="0.000" timestamp="2018-10-24T18:37:46"/>
	<testcase classname="decode_significant_figures_tests.TestDecodeSignificantFiguresTests" name="testDecodeSigFigWhenFiveBandsWithGreenBlueBrown" time="0.000" timestamp="2018-10-24T18:37:46"/>
	<testcase classname="decode_significant_figures_tests.TestDecodeSignificantFiguresTests" name="testDecodeSigFigWhenFiveBandsWithGreenBlueGreen" time="0.000" timestamp="2018-10-24T18:37:46"/>
	<testcase classname="decode_significant_figures_tests.TestDecodeSignificantFiguresTests" name="testDecodeSigFigWhenFiveBandsWithGreenBlueGrey" time="0.000" timestamp="2018-10-24T18:37:46"/>
	<testcase classname="decode_significant_figures_tests.TestDecodeSignificantFiguresTests" name="testDecodeSigFigWhenFiveBandsWithGreenBlueOrange" time="0.000" timestamp="2018-10-24T18:37:46"/>
	<testcase classname="decode_significant_figures_tests.TestDecodeSignificantFiguresTests" name="testDecodeSigFigWhenFiveBandsWithGreenBlueRed" time="0.000" timestamp="2018-10-24T18:37:46"/>
	<testcase classname="decode_significant_figures_tests.TestDecodeSignificantFiguresTests" name="testDecodeSigFigWhenFiveBandsWithGreenBlueViolet" time="0.000" timestamp="2018-10-24T18:37:46"/>
	<testcase classname="decode_significant_figures_tests.TestDecodeSignificantFiguresTests" name="testDecodeSigFigWhenFiveBandsWithGreenBlueWhite" time="0.000" timestamp="2018-10-24T18:37:46"/>
	<testcase classname="decode_significant_figures_tests.TestDecodeSignificantFiguresTests" name="testDecodeSigFigWhenFiveBandsWithGreenBlueYellow" time="0.000" timestamp="2018-10-24T18:37:46"/>
	<testcase classname="decode_significant_figures_tests.TestDecodeSignificantFiguresTests" name="testDecodeSigFigWhenFiveBandsWithGreenBrownBlack" time="0.000" timestamp="2018-10-24T18:37:46"/>
	<testcase classname="decode_significant_figures_tests.TestDecodeSignificantFiguresTests" name="testDecodeSigFigWhenFiveBandsWithGreenBrownBlue" time="0.000" timestamp="2018-10-24T18:37:46"/>
	<testcase classname="decode_significant_figures_tests.TestDecodeSignificantFiguresTests" name="testDecodeSigFigWhenFiveBandsWithGreenBrownBrown" time="0.000" timestamp="2018-10-24T18:37:46"/>
	<testcase classname="decode_significant_figures_tests.TestDecodeSignificantFiguresTests" name="testDecodeSigFigWhenFiveBandsWithGreenBrownGreen" time="0.000" timestamp="2018-10-24T18:37:46"/>
	<testcase classname="decode_significant_figures_tests.TestDecodeSignificantFiguresTests" name="testDecodeSigFigWhenFiveBandsWithGreenBrownGrey" time="0.000" timestamp="2018-10-24T18:37:46"/>
	<testcase classname="decode_significant_figures_tests.TestDecodeSignificantFiguresTests" name="testDecodeSigFigWhenFiveBandsWithGreenBrownOrange" time="0.000" timestamp="2018-10-24T18:37:46"/>
	<testcase classname="decode_significant_figures_tests.TestDecodeSignificantFiguresTests" name="testDecodeSigFigWhenFiveBandsWithGreenBrownRed" time="0.000" timestamp="2018-10-24T18:37:46"/>
	<testcase classname="decode_significant_figures_tests.TestDecodeSignificantFiguresTests" name="testDecodeSigFigWhenFiveBandsWithGreenBrownViolet" time="0.000" timestamp="2018-10-24T18:37:46"/>
	<testcase classname="decode_significant_figures_tests.TestDecodeSignificantFiguresTests" name="testDecodeSigFigWhenFiveBandsWithGreenBrownWhite" time="0.000" timestamp="2018-10-24T18:37:46"/>
	<testcase classname="decode_significant_figures_tests.TestDecodeSignificantFiguresTests" name="testDecodeSigFigWhenFiveBandsWithGreenBrownYellow" time="0.000" timestamp="2018-10-24T18:37:46"/>
	<testcase classname="decode_significant_figures_tests.TestDecodeSignificantFiguresTests" name="testDecodeSigFigWhenFiveBandsWithGreenGreenBlack" time="0.000" timestamp="2018-10-24T18:37:46"/>
	<testcase classname="decode_significant_figures_tests.TestDecodeSignificantFiguresTests" name="testDecodeSigFigWhenFiveBandsWithGreenGreenBlue" time="0.000" timestamp="2018-10-24T18:37:46"/>
	<testcase classname="decode_significant_figures_tests.TestDecodeSignificantFiguresTests" name="testDecodeSigFigWhenFiveBandsWithGreenGreenBrown" time="0.000" timestamp="2018-10-24T18:37:46"/>
	<testcase classname="decode_significant_figures_tests.TestDecodeSignificantFiguresTests" name="testDecodeSigFigWhenFiveBandsWithGreenGreenGreen" time="0.000" timestamp="2018-10-24T18:37:46"/>
	<testcase classname="decode_significant_figures_tests.TestDecodeSignificantFiguresTests" name="testDecodeSigFigWhenFiveBandsWithGreenGreenGrey" time="0.000" timestamp="2018-10-24T18:37:46"/>
	<testcase classname="decode_significant_figures_tests.TestDecodeSignificantFiguresTests" name="testDecodeSigFigWhenFiveBandsWithGreenGreenOrange" time="0.000" timestamp="2018-10-24T18:37:46"/>
	<testcase classname="decode_significant_figures_tests.TestDecodeSignificantFiguresTests" name="testDecodeSigFigWhenFiveBandsWithGreenGreenRed" time="0.000" timestamp="2018-10-24T18:37:46"/>
	<testcase classname="decode_significant_figures_tests.TestDecodeSignificantFiguresTests" name="testDecodeSigFigWhenFiveBandsWithGreenGreenViolet" time="0.000" timestamp="2018-10-24T18:37:46"/>
	<testcase classname="decode_significant_figures_tests.TestDecodeSignificantFiguresTests" name="testDecodeSigFigWhenFiveBandsWithGreenGreenWhite" time="0.000" timestamp="2018-10-24T18:37:46"/>
	<testcase classname="decode_significant_figures_tests.TestDecodeSignificantFiguresTests" name="testDecodeSigFigWhenFiveBandsWithGreenGreenYellow" time="0.000" timestamp="2018-10-24T18:37:46"/>
	<testcase classname="decode_significant_figures_tests.TestDecodeSignificantFiguresTests" name="testDecodeSigFigWhenFiveBandsWithGreenGreyBlack" time="0.000" timestamp="2018-10-24T18:37:46"/>
	<testcase classname="decode_significant_figures_tests.TestDecodeSignificantFiguresTests" name="testDecodeSigFigWhenFiveBandsWithGreenGreyBlue" time="0.000" timestamp="2018-10-24T18:37:46"/>
	<testcase classname="decode_significant_figures_tests.TestDecodeSignificantFiguresTests" name="testDecodeSigFigWhenFiveBandsWithGreenGreyBrown" time="0.000" timestamp="2018-10-24T18:37:46"/>
	<testcase classname="decode_significant_figures_tests.TestDecodeSignificantFiguresTests" name="testDecodeSigFigWhenFiveBandsWithGreenGreyGreen" time="0.000" timestamp="2018-10-24T18:37:46"/>
	<testcase classname="decode_significant_figures_tests.TestDecodeSignificantFiguresTests" name="testDecodeSigFigWhenFiveBandsWithGreenGreyGrey" time="0.000" timestamp="2018-10-24T18:37:46"/>
	<testcase classname="decode_significant_figures_tests.TestDecodeSignificantFiguresTests" name="testDecodeSigFigWhenFiveBandsWithGreenGreyOrange" time="0.000" timestamp="2018-10-24T18:37:46"/>
	<testcase classname="decode_significant_figures_tests.TestDecodeSignificantFiguresTests" name="testDecodeSigFigWhenFiveBandsWithGreenGreyRed" time="0.000" timestamp="2018-10-24T18:37:46"/>
	<testcase classname="decode_significant_figures_tests.TestDecodeSignificantFiguresTests" name="testDecodeSigFigWhenFiveBandsWithGreenGreyViolet" time="0.000" timestamp="2018-10-24T18:37:46"/>
	<testcase classname="decode_significant_figures_tests.TestDecodeSignificantFiguresTests" name="testDecodeSigFigWhenFiveBandsWithGreenGreyWhite" time="0.000" timestamp="2018-10-24T18:37:46"/>
	<testcase classname="decode_significant_figures_tests.TestDecodeSignificantFiguresTests" name="testDecodeSigFigWhenFiveBandsWithGreenGreyYellow" time="0.000" timestamp="2018-10-24T18:37:46"/>
	<testcase classname="decode_significant_figures_tests.TestDecodeSignificantFiguresTests" name="testDecodeSigFigWhenFiveBandsWithGreenOrangeBlack" time="0.000" timestamp="2018-10-24T18:37:46"/>
	<testcase classname="decode_significant_figures_tests.TestDecodeSignificantFiguresTests" name="testDecodeSigFigWhenFiveBandsWithGreenOrangeBlue" time="0.000" timestamp="2018-10-24T18:37:46"/>
	<testcase classname="decode_significant_figures_tests.TestDecodeSignificantFiguresTests" name="testDecodeSigFigWhenFiveBandsWithGreenOrangeBrown" time="0.000" timestamp="2018-10-24T18:37:46"/>
	<testcase classname="decode_significant_figures_tests.TestDecodeSignificantFiguresTests" name="testDecodeSigFigWhenFiveBandsWithGreenOrangeGreen" time="0.000" timestamp="2018-10-24T18:37:46"/>
	<testcase classname="decode_significant_figures_tests.TestDecodeSignificantFiguresTests" name="testDecodeSigFigWhenFiveBandsWithGreenOrangeGrey" time="0.000" timestamp="2018-10-24T18:37:46"/>
	<testcase classname="decode_significant_figures_tests.TestDecodeSignificantFiguresTests" name="testDecodeSigFigWhenFiveBandsWithGreenOrangeOrange" time="0.000" timestamp="2018-10-24T18:37:46"/>
	<testcase classname="decode_significant_figures_tests.TestDecodeSignificantFiguresTests" name="testDecodeSigFigWhenFiveBandsWithGreenOrangeRed" time="0.000" timestamp="2018-10-24T18:37:46"/>
	<testcase classname="decode_significant_figures_tests.TestDecodeSignificantFiguresTests" name="testDecodeSigFigWhenFiveBandsWithGreenOrangeViolet" time="0.000" timestamp="2018-10-24T18:37:46"/>
	<testcase classname="decode_significant_figures_tests.TestDecodeSignificantFiguresTests" name="testDecodeSigFigWhenFiveBandsWithGreenOrangeWhite" time="0.000" timestamp="2018-10-24T18:37:46"/>
	<testcase classname="decode_significant_figures_tests.TestDecodeSignificantFiguresTests" name="testDecodeSigFigWhenFiveBandsWithGreenOrangeYellow" time="0.000" timestamp="2018-10-24T18:37:46"/>
	<testcase classname="decode_significant_figures_tests.TestDecodeSignificantFiguresTests" name="testDecodeSigFigWhenFiveBandsWithGreenRedBlack" time="0.000" timestamp="2018-10-24T18:37:46"/>
	<testcase classname="decode_significant_figures_tests.TestDecodeSignificantFiguresTests" name="testDecodeSigFigWhenFiveBandsWithGreenRedBlue" time="0.000" timestamp="2018-10-24T18:37:46"/>
	<testcase classname="decode_significant_figures_tests.TestDecodeSignificantFiguresTests" name="testDecodeSigFigWhenFiveBandsWithGreenRedBrown" time="0.000" timestamp="2018-10-24T18:37:46"/>
	<testcase classname="decode_significant_figures_tests.TestDecodeSignificantFiguresTests" name="testDecodeSigFigWhenFiveBandsWithGreenRedGreen" time="0.000" timestamp="2018-10-24T18:37:46"/>
	<testcase classname="decode_significant_figures_tests.TestDecodeSignificantFiguresTests" name="testDecodeSigFigWhenFiveBandsWithGreenRedGrey" time="0.000" timestamp="2018-10-24T18:37:46"/>
	<testcase classname="decode_significant_figures_tests.TestDecodeSignificantFiguresTests" name="testDecodeSigFigWhenFiveBandsWithGreenRedOrange" time="0.000" timestamp="2018-10-24T18:37:46"/>
	<testcase classname="decode_significant_figures_tests.TestDecodeSignificantFiguresTests" name="testDecodeSigFigWhenFiveBandsWithGreenRedRed" time="0.000" timestamp="2018-10-24T18:37:46"/>
	<testcase classname="decode_significant_figures_tests.TestDecodeSignificantFiguresTests" name="testDecodeSigFigWhenFiveBandsWithGreenRedViolet" time="0.000" timestamp="2018-10-24T18:37:46"/>
	<testcase classname="decode_significant_figures_tests.TestDecodeSignificantFiguresTests" name="testDecodeSigFigWhenFiveBandsWithGreenRedWhite" time="0.000" timestamp="2018-10-24T18:37:46"/>
	<testcase classname="decode_significant_figures_tests.TestDecodeSignificantFiguresTests" name="testDecodeSigFigWhenFiveBandsWithGreenRedYellow" time="0.000" timestamp="2018-10-24T18:37:46"/>
	<testcase classname="decode_significant_figures_tests.TestDecodeSignificantFiguresTests" name="testDecodeSigFigWhenFiveBandsWithGreenVioletBlack" time="0.000" timestamp="2018-10-24T18:37:46"/>
	<testcase classname="decode_significant_figures_tests.TestDecodeSignificantFiguresTests" name="testDecodeSigFigWhenFiveBandsWithGreenVioletBlue" time="0.000" timestamp="2018-10-24T18:37:46"/>
	<testcase classname="decode_significant_figures_tests.TestDecodeSignificantFiguresTests" name="testDecodeSigFigWhenFiveBandsWithGreenVioletBrown" time="0.000" timestamp="2018-10-24T18:37:46"/>
	<testcase classname="decode_significant_figures_tests.TestDecodeSignificantFiguresTests" name="testDecodeSigFigWhenFiveBandsWithGreenVioletGreen" time="0.000" timestamp="2018-10-24T18:37:46"/>
	<testcase classname="decode_significant_figures_tests.TestDecodeSignificantFiguresTests" name="testDecodeSigFigWhenFiveBandsWithGreenVioletGrey" time="0.000" timestamp="2018-10-24T18:37:46"/>
	<testcase classname="decode_significant_figures_tests.TestDecodeSignificantFiguresTests" name="testDecodeSigFigWhenFiveBandsWithGreenVioletOrange" time="0.000" timestamp="2018-10-24T18:37:46"/>
	<testcase classname="decode_significant_figures_tests.TestDecodeSignificantFiguresTests" name="testDecodeSigFigWhenFiveBandsWithGreenVioletRed" time="0.000" timestamp="2018-10-24T18:37:46"/>
	<testcase classname="decode_significant_figures_tests.TestDecodeSignificantFiguresTests" name="testDecodeSigFigWhenFiveBandsWithGreenVioletViolet" time="0.000" timestamp="2018-10-24T18:37:46"/>
	<testcase classname="decode_significant_figures_tests.TestDecodeSignificantFiguresTests" name="testDecodeSigFigWhenFiveBandsWithGreenVioletWhite" time="0.000" timestamp="2018-10-24T18:37:46"/>
	<testcase classname="decode_significant_figures_tests.TestDecodeSignificantFiguresTests" name="testDecodeSigFigWhenFiveBandsWithGreenVioletYellow" time="0.000" timestamp="2018-10-24T18:37:46"/>
	<testcase classname="decode_significant_figures_tests.TestDecodeSignificantFiguresTests" name="testDecodeSigFigWhenFiveBandsWithGreenWhiteBlack" time="0.000" timestamp="2018-10-24T18:37:46"/>
	<testcase classname="decode_significant_figures_tests.TestDecodeSignificantFiguresTests" name="testDecodeSigFigWhenFiveBandsWithGreenWhiteBlue" time="0.000" timestamp="2018-10-24T18:37:46"/>
	<testcase classname="decode_significant_figures_tests.TestDecodeSignificantFiguresTests" name="testDecodeSigFigWhenFiveBandsWithGreenWhiteBrown" time="0.000" timestamp="2018-10-24T18:37:46"/>
	<testcase classname="decode_significant_figures_tests.TestDecodeSignificantFiguresTests" name="testDecodeSigFigWhenFiveBandsWithGreenWhiteGreen" time="0.000" timestamp="2018-10-24T18:37:46"/>
	<testcase classname="decode_significant_figures_tests.TestDecodeSignificantFiguresTests" name="testDecodeSigFigWhenFiveBandsWithGreenWhiteGrey" time="0.000" timestamp="2018-10-24T18:37:46"/>
	<testcase classname="decode_significant_figures_tests.TestDecodeSignificantFiguresTests" name="testDecodeSigFigWhenFiveBandsWithGreenWhiteOrange" time="0.000" timestamp="2018-10-24T18:37:46"/>
	<testcase classname="decode_significant_figures_tests.TestDecodeSignificantFiguresTests" name="testDecodeSigFigWhenFiveBandsWithGreenWhiteRed" time="0.000" timestamp="2018-10-24T18:37:46"/>
	<testcase classname="decode_significant_figures_tests.TestDecodeSignificantFiguresTests" name="testDecodeSigFigWhenFiveBandsWithGreenWhiteViolet" time="0.000" timestamp="2018-10-24T18:37:46"/>
	<testcase classname="decode_significant_figures_tests.TestDecodeSignificantFiguresTests" name="testDecodeSigFigWhenFiveBandsWithGreenWhiteWhite" time="0.000" timestamp="2018-10-24T18:37:46"/>
	<testcase classname="decode_significant_figures_tests.TestDecodeSignificantFiguresTests" name="testDecodeSigFigWhenFiveBandsWithGreenWhiteYellow" time="0.000" timestamp="2018-10-24T18:37:46"/>
	<testcase classname="decode_significant_figures_tests.TestDecodeSignificantFiguresTests" name="testDecodeSigFigWhenFiveBandsWithGreenYellowBlack" time="0.000" timestamp="2018-10-24T18:37:46"/>
	<testcase classname="decode_significant_figures_tests.TestDecodeSignificantFiguresTests" name="testDecodeSigFigWhenFiveBandsWithGreenYellowBlue" time="0.000" timestamp="2018-10-24T18:37:46"/>
	<testcase classname="decode_significant_figures_tests.TestDecodeSignificantFiguresTests" name="testDecodeSigFigWhenFiveBandsWithGreenYellowBrown" time="0.000" timestamp="2018-10-24T18:37:46"/>
	<testcase classname="decode_significant_figures_tests.TestDecodeSignificantFiguresTests" name="testDecodeSigFigWhenFiveBandsWithGreenYellowGreen" time="0.000" timestamp="2018-10-24T18:37:46"/>
	<testcase classname="decode_significant_figures_tests.TestDecodeSignificantFiguresTests" name="testDecodeSigFigWhenFiveBandsWithGreenYellowGrey" time="0.000" timestamp="2018-10-24T18:37:46"/>
	<testcase classname="decode_significant_figures_tests.TestDecodeSignificantFiguresTests" name="testDecodeSigFigWhenFiveBandsWithGreenYellowOrange" time="0.000" timestamp="2018-10-24T18:37:46"/>
	<testcase classname="decode_significant_figures_tests.TestDecodeSignificantFiguresTests" name="testDecodeSigFigWhenFiveBandsWithGreenYellowRed" time="0.000" timestamp="2018-10-24T18:37:46"/>
	<testcase classname="decode_significant_figures_tests.TestDecodeSignificantFiguresTests" name="testDecodeSigFigWhenFiveBandsWithGreenYellowViolet" time="0.000" timestamp="2018-10-24T18:37:46"/>
	<testcase classname="decode_significant_figures_tests.TestDecodeSignificantFiguresTests" name="testDecodeSigFigWhenFiveBandsWithGreenYellowWhite" time="0.000" timestamp="2018-10-24T18:37:46"/>
	<testcase classname="decode_significant_figures_tests.TestDecodeSignificantFiguresTests" name="testDecodeSigFigWhenFiveBandsWithGreenYellowYellow" time="0.000" timestamp="2018-10-24T18:37:46"/>
	<testcase classname="decode_significant_figures_tests.TestDecodeSignificantFiguresTests" name="testDecodeSigFigWhenFiveBandsWithGreyBlackBlack" time="0.000" timestamp="2018-10-24T18:37:46"/>
	<testcase classname="decode_significant_figures_tests.TestDecodeSignificantFiguresTests" name="testDecodeSigFigWhenFiveBandsWithGreyBlackBlue" time="0.000" timestamp="2018-10-24T18:37:46"/>
	<testcase classname="decode_significant_figures_tests.TestDecodeSignificantFiguresTests" name="testDecodeSigFigWhenFiveBandsWithGreyBlackBrown" time="0.000" timestamp="2018-10-24T18:37:46"/>
	<testcase classname="decode_significant_figures_tests.TestDecodeSignificantFiguresTests" name="testDecodeSigFigWhenFiveBandsWithGreyBlackGreen" time="0.000" timestamp="2018-10-24T18:37:46"/>
	<testcase classname="decode_significant_figures_tests.TestDecodeSignificantFiguresTests" name="testDecodeSigFigWhenFiveBandsWithGreyBlackGrey" time="0.000" timestamp="2018-10-24T18:37:46"/>
	<testcase classname="decode_significant_figures_tests.TestDecodeSignificantFiguresTests" name="testDecodeSigFigWhenFiveBandsWithGreyBlackOrange" time="0.000" timestamp="2018-10-24T18:37:46"/>
	<testcase classname="decode_significant_figures_tests.TestDecodeSignificantFiguresTests" name="testDecodeSigFigWhenFiveBandsWithGreyBlackRed" time="0.000" timestamp="2018-10-24T18:37:46"/>
	<testcase classname="decode_significant_figures_tests.TestDecodeSignificantFiguresTests" name="testDecodeSigFigWhenFiveBandsWithGreyBlackViolet" time="0.000" timestamp="2018-10-24T18:37:46"/>
	<testcase classname="decode_significant_figures_tests.TestDecodeSignificantFiguresTests" name="testDecodeSigFigWhenFiveBandsWithGreyBlackWhite" time="0.000" timestamp="2018-10-24T18:37:46"/>
	<testcase classname="decode_significant_figures_tests.TestDecodeSignificantFiguresTests" name="testDecodeSigFigWhenFiveBandsWithGreyBlackYellow" time="0.000" timestamp="2018-10-24T18:37:46"/>
	<testcase classname="decode_significant_figures_tests.TestDecodeSignificantFiguresTests" name="testDecodeSigFigWhenFiveBandsWithGreyBlueBlack" time="0.000" timestamp="2018-10-24T18:37:46"/>
	<testcase classname="decode_significant_figures_tests.TestDecodeSignificantFiguresTests" name="testDecodeSigFigWhenFiveBandsWithGreyBlueBlue" time="0.000" timestamp="2018-10-24T18:37:46"/>
[...]
	<testcase classname="decode_significant_figures_tests.TestDecodeSignificantFiguresTests" name="testDecodeSigFigWhenFiveBandsWithYellowYellowOrange" time="0.000" timestamp="2018-10-24T18:37:46"/>
	<testcase classname="decode_significant_figures_tests.TestDecodeSignificantFiguresTests" name="testDecodeSigFigWhenFiveBandsWithYellowYellowRed" time="0.000" timestamp="2018-10-24T18:37:46"/>
	<testcase classname="decode_significant_figures_tests.TestDecodeSignificantFiguresTests" name="testDecodeSigFigWhenFiveBandsWithYellowYellowViolet" time="0.000" timestamp="2018-10-24T18:37:46"/>
	<testcase classname="decode_significant_figures_tests.TestDecodeSignificantFiguresTests" name="testDecodeSigFigWhenFiveBandsWithYellowYellowWhite" time="0.000" timestamp="2018-10-24T18:37:46"/>
	<testcase classname="decode_significant_figures_tests.TestDecodeSignificantFiguresTests" name="testDecodeSigFigWhenFiveBandsWithYellowYellowYellow" time="0.000" timestamp="2018-10-24T18:37:46"/>
	<testcase classname="decode_significant_figures_tests.TestDecodeSignificantFiguresTests" name="testDecodeSigFigWhenFourBandsWithBlackBlack" time="0.000" timestamp="2018-10-24T18:37:46"/>
	<testcase classname="decode_significant_figures_tests.TestDecodeSignificantFiguresTests" name="testDecodeSigFigWhenFourBandsWithBlackBlue" time="0.000" timestamp="2018-10-24T18:37:46"/>
	<testcase classname="decode_significant_figures_tests.TestDecodeSignificantFiguresTests" name="testDecodeSigFigWhenFourBandsWithBlackBrown" time="0.000" timestamp="2018-10-24T18:37:46"/>
	<testcase classname="decode_significant_figures_tests.TestDecodeSignificantFiguresTests" name="testDecodeSigFigWhenFourBandsWithBlackGreen" time="0.000" timestamp="2018-10-24T18:37:46"/>
	<testcase classname="decode_significant_figures_tests.TestDecodeSignificantFiguresTests" name="testDecodeSigFigWhenFourBandsWithBlackGrey" time="0.000" timestamp="2018-10-24T18:37:46"/>
	<testcase classname="decode_significant_figures_tests.TestDecodeSignificantFiguresTests" name="testDecodeSigFigWhenFourBandsWithBlackOrange" time="0.000" timestamp="2018-10-24T18:37:46"/>
	<testcase classname="decode_significant_figures_tests.TestDecodeSignificantFiguresTests" name="testDecodeSigFigWhenFourBandsWithBlackRed" time="0.000" timestamp="2018-10-24T18:37:46"/>
	<testcase classname="decode_significant_figures_tests.TestDecodeSignificantFiguresTests" name="testDecodeSigFigWhenFourBandsWithBlackViolet" time="0.000" timestamp="2018-10-24T18:37:46"/>
	<testcase classname="decode_significant_figures_tests.TestDecodeSignificantFiguresTests" name="testDecodeSigFigWhenFourBandsWithBlackWhite" time="0.000" timestamp="2018-10-24T18:37:46"/>
	<testcase classname="decode_significant_figures_tests.TestDecodeSignificantFiguresTests" name="testDecodeSigFigWhenFourBandsWithBlackYellow" time="0.000" timestamp="2018-10-24T18:37:46"/>
	<testcase classname="decode_significant_figures_tests.TestDecodeSignificantFiguresTests" name="testDecodeSigFigWhenFourBandsWithBlueBlack" time="0.000" timestamp="2018-10-24T18:37:46"/>
	<testcase classname="decode_significant_figures_tests.TestDecodeSignificantFiguresTests" name="testDecodeSigFigWhenFourBandsWithBlueBlue" time="0.000" timestamp="2018-10-24T18:37:46"/>
	<testcase classname="decode_significant_figures_tests.TestDecodeSignificantFiguresTests" name="testDecodeSigFigWhenFourBandsWithBlueBrown" time="0.000" timestamp="2018-10-24T18:37:46"/>
	<testcase classname="decode_significant_figures_tests.TestDecodeSignificantFiguresTests" name="testDecodeSigFigWhenFourBandsWithBlueGreen" time="0.000" timestamp="2018-10-24T18:37:46"/>
	<testcase classname="decode_significant_figures_tests.TestDecodeSignificantFiguresTests" name="testDecodeSigFigWhenFourBandsWithBlueGrey" time="0.000" timestamp="2018-10-24T18:37:46"/>
	<testcase classname="decode_significant_figures_tests.TestDecodeSignificantFiguresTests" name="testDecodeSigFigWhenFourBandsWithBlueOrange" time="0.000" timestamp="2018-10-24T18:37:46"/>
	<testcase classname="decode_significant_figures_tests.TestDecodeSignificantFiguresTests" name="testDecodeSigFigWhenFourBandsWithBlueRed" time="0.000" timestamp="2018-10-24T18:37:46"/>
	<testcase classname="decode_significant_figures_tests.TestDecodeSignificantFiguresTests" name="testDecodeSigFigWhenFourBandsWithBlueViolet" time="0.000" timestamp="2018-10-24T18:37:46"/>
	<testcase classname="decode_significant_figures_tests.TestDecodeSignificantFiguresTests" name="testDecodeSigFigWhenFourBandsWithBlueWhite" time="0.000" timestamp="2018-10-24T18:37:46"/>
	<testcase classname="decode_significant_figures_tests.TestDecodeSignificantFiguresTests" name="testDecodeSigFigWhenFourBandsWithBlueYellow" time="0.000" timestamp="2018-10-24T18:37:46"/>
	<testcase classname="decode_significant_figures_tests.TestDecodeSignificantFiguresTests" name="testDecodeSigFigWhenFourBandsWithBrownBlack" time="0.000" timestamp="2018-10-24T18:37:46"/>
	<testcase classname="decode_significant_figures_tests.TestDecodeSignificantFiguresTests" name="testDecodeSigFigWhenFourBandsWithBrownBlue" time="0.000" timestamp="2018-10-24T18:37:46"/>
	<testcase classname="decode_significant_figures_tests.TestDecodeSignificantFiguresTests" name="testDecodeSigFigWhenFourBandsWithBrownBrown" time="0.000" timestamp="2018-10-24T18:37:46"/>
	<testcase classname="decode_significant_figures_tests.TestDecodeSignificantFiguresTests" name="testDecodeSigFigWhenFourBandsWithBrownGreen" time="0.000" timestamp="2018-10-24T18:37:46"/>
	<testcase classname="decode_significant_figures_tests.TestDecodeSignificantFiguresTests" name="testDecodeSigFigWhenFourBandsWithBrownGrey" time="0.000" timestamp="2018-10-24T18:37:46"/>
	<testcase classname="decode_significant_figures_tests.TestDecodeSignificantFiguresTests" name="testDecodeSigFigWhenFourBandsWithBrownOrange" time="0.000" timestamp="2018-10-24T18:37:46"/>
	<testcase classname="decode_significant_figures_tests.TestDecodeSignificantFiguresTests" name="testDecodeSigFigWhenFourBandsWithBrownRed" time="0.000" timestamp="2018-10-24T18:37:46"/>
	<testcase classname="decode_significant_figures_tests.TestDecodeSignificantFiguresTests" name="testDecodeSigFigWhenFourBandsWithBrownViolet" time="0.000" timestamp="2018-10-24T18:37:46"/>
	<testcase classname="decode_significant_figures_tests.TestDecodeSignificantFiguresTests" name="testDecodeSigFigWhenFourBandsWithBrownWhite" time="0.000" timestamp="2018-10-24T18:37:46"/>
	<testcase classname="decode_significant_figures_tests.TestDecodeSignificantFiguresTests" name="testDecodeSigFigWhenFourBandsWithBrownYellow" time="0.000" timestamp="2018-10-24T18:37:46"/>
	<testcase classname="decode_significant_figures_tests.TestDecodeSignificantFiguresTests" name="testDecodeSigFigWhenFourBandsWithGreenBlack" time="0.000" timestamp="2018-10-24T18:37:46"/>
	<testcase classname="decode_significant_figures_tests.TestDecodeSignificantFiguresTests" name="testDecodeSigFigWhenFourBandsWithGreenBlue" time="0.000" timestamp="2018-10-24T18:37:46"/>
	<testcase classname="decode_significant_figures_tests.TestDecodeSignificantFiguresTests" name="testDecodeSigFigWhenFourBandsWithGreenBrown" time="0.000" timestamp="2018-10-24T18:37:46"/>
	<testcase classname="decode_significant_figures_tests.TestDecodeSignificantFiguresTests" name="testDecodeSigFigWhenFourBandsWithGreenGreen" time="0.000" timestamp="2018-10-24T18:37:46"/>
	<testcase classname="decode_significant_figures_tests.TestDecodeSignificantFiguresTests" name="testDecodeSigFigWhenFourBandsWithGreenGrey" time="0.000" timestamp="2018-10-24T18:37:46"/>
	<testcase classname="decode_significant_figures_tests.TestDecodeSignificantFiguresTests" name="testDecodeSigFigWhenFourBandsWithGreenOrange" time="0.000" timestamp="2018-10-24T18:37:46"/>
	<testcase classname="decode_significant_figures_tests.TestDecodeSignificantFiguresTests" name="testDecodeSigFigWhenFourBandsWithGreenRed" time="0.000" timestamp="2018-10-24T18:37:46"/>
	<testcase classname="decode_significant_figures_tests.TestDecodeSignificantFiguresTests" name="testDecodeSigFigWhenFourBandsWithGreenViolet" time="0.000" timestamp="2018-10-24T18:37:46"/>
	<testcase classname="decode_significant_figures_tests.TestDecodeSignificantFiguresTests" name="testDecodeSigFigWhenFourBandsWithGreenWhite" time="0.000" timestamp="2018-10-24T18:37:46"/>
	<testcase classname="decode_significant_figures_tests.TestDecodeSignificantFiguresTests" name="testDecodeSigFigWhenFourBandsWithGreenYellow" time="0.000" timestamp="2018-10-24T18:37:46"/>
	<testcase classname="decode_significant_figures_tests.TestDecodeSignificantFiguresTests" name="testDecodeSigFigWhenFourBandsWithGreyBlack" time="0.000" timestamp="2018-10-24T18:37:46"/>
	<testcase classname="decode_significant_figures_tests.TestDecodeSignificantFiguresTests" name="testDecodeSigFigWhenFourBandsWithGreyBlue" time="0.000" timestamp="2018-10-24T18:37:46"/>
	<testcase classname="decode_significant_figures_tests.TestDecodeSignificantFiguresTests" name="testDecodeSigFigWhenFourBandsWithGreyBrown" time="0.000" timestamp="2018-10-24T18:37:46"/>
	<testcase classname="decode_significant_figures_tests.TestDecodeSignificantFiguresTests" name="testDecodeSigFigWhenFourBandsWithGreyGreen" time="0.000" timestamp="2018-10-24T18:37:46"/>
	<testcase classname="decode_significant_figures_tests.TestDecodeSignificantFiguresTests" name="testDecodeSigFigWhenFourBandsWithGreyGrey" time="0.000" timestamp="2018-10-24T18:37:46"/>
	<testcase classname="decode_significant_figures_tests.TestDecodeSignificantFiguresTests" name="testDecodeSigFigWhenFourBandsWithGreyOrange" time="0.000" timestamp="2018-10-24T18:37:46"/>
	<testcase classname="decode_significant_figures_tests.TestDecodeSignificantFiguresTests" name="testDecodeSigFigWhenFourBandsWithGreyRed" time="0.000" timestamp="2018-10-24T18:37:46"/>
	<testcase classname="decode_significant_figures_tests.TestDecodeSignificantFiguresTests" name="testDecodeSigFigWhenFourBandsWithGreyViolet" time="0.000" timestamp="2018-10-24T18:37:46"/>
	<testcase classname="decode_significant_figures_tests.TestDecodeSignificantFiguresTests" name="testDecodeSigFigWhenFourBandsWithGreyWhite" time="0.000" timestamp="2018-10-24T18:37:46"/>
	<testcase classname="decode_significant_figures_tests.TestDecodeSignificantFiguresTests" name="testDecodeSigFigWhenFourBandsWithGreyYellow" time="0.000" timestamp="2018-10-24T18:37:46"/>
	<testcase classname="decode_significant_figures_tests.TestDecodeSignificantFiguresTests" name="testDecodeSigFigWhenFourBandsWithOrangeBlack" time="0.000" timestamp="2018-10-24T18:37:46"/>
	<testcase classname="decode_significant_figures_tests.TestDecodeSignificantFiguresTests" name="testDecodeSigFigWhenFourBandsWithOrangeBlue" time="0.000" timestamp="2018-10-24T18:37:46"/>
	<testcase classname="decode_significant_figures_tests.TestDecodeSignificantFiguresTests" name="testDecodeSigFigWhenFourBandsWithOrangeBrown" time="0.000" timestamp="2018-10-24T18:37:46"/>
	<testcase classname="decode_significant_figures_tests.TestDecodeSignificantFiguresTests" name="testDecodeSigFigWhenFourBandsWithOrangeGreen" time="0.000" timestamp="2018-10-24T18:37:46"/>
	<testcase classname="decode_significant_figures_tests.TestDecodeSignificantFiguresTests" name="testDecodeSigFigWhenFourBandsWithOrangeGrey" time="0.000" timestamp="2018-10-24T18:37:46"/>
	<testcase classname="decode_significant_figures_tests.TestDecodeSignificantFiguresTests" name="testDecodeSigFigWhenFourBandsWithOrangeOrange" time="0.000" timestamp="2018-10-24T18:37:46"/>
	<testcase classname="decode_significant_figures_tests.TestDecodeSignificantFiguresTests" name="testDecodeSigFigWhenFourBandsWithOrangeRed" time="0.000" timestamp="2018-10-24T18:37:46"/>
	<testcase classname="decode_significant_figures_tests.TestDecodeSignificantFiguresTests" name="testDecodeSigFigWhenFourBandsWithOrangeViolet" time="0.000" timestamp="2018-10-24T18:37:46"/>
	<testcase classname="decode_significant_figures_tests.TestDecodeSignificantFiguresTests" name="testDecodeSigFigWhenFourBandsWithOrangeWhite" time="0.000" timestamp="2018-10-24T18:37:46"/>
	<testcase classname="decode_significant_figures_tests.TestDecodeSignificantFiguresTests" name="testDecodeSigFigWhenFourBandsWithOrangeYellow" time="0.000" timestamp="2018-10-24T18:37:46"/>
	<testcase classname="decode_significant_figures_tests.TestDecodeSignificantFiguresTests" name="testDecodeSigFigWhenFourBandsWithRedBlack" time="0.000" timestamp="2018-10-24T18:37:46"/>
	<testcase classname="decode_significant_figures_tests.TestDecodeSignificantFiguresTests" name="testDecodeSigFigWhenFourBandsWithRedBlue" time="0.000" timestamp="2018-10-24T18:37:46"/>
	<testcase classname="decode_significant_figures_tests.TestDecodeSignificantFiguresTests" name="testDecodeSigFigWhenFourBandsWithRedBrown" time="0.000" timestamp="2018-10-24T18:37:46"/>
	<testcase classname="decode_significant_figures_tests.TestDecodeSignificantFiguresTests" name="testDecodeSigFigWhenFourBandsWithRedGreen" time="0.000" timestamp="2018-10-24T18:37:46"/>
	<testcase classname="decode_significant_figures_tests.TestDecodeSignificantFiguresTests" name="testDecodeSigFigWhenFourBandsWithRedGrey" time="0.000" timestamp="2018-10-24T18:37:46"/>
	<testcase classname="decode_significant_figures_tests.TestDecodeSignificantFiguresTests" name="testDecodeSigFigWhenFourBandsWithRedOrange" time="0.000" timestamp="2018-10-24T18:37:46"/>
	<testcase classname="decode_significant_figures_tests.TestDecodeSignificantFiguresTests" name="testDecodeSigFigWhenFourBandsWithRedRed" time="0.000" timestamp="2018-10-24T18:37:46"/>
	<testcase classname="decode_significant_figures_tests.TestDecodeSignificantFiguresTests" name="testDecodeSigFigWhenFourBandsWithRedViolet" time="0.000" timestamp="2018-10-24T18:37:46"/>
	<testcase classname="decode_significant_figures_tests.TestDecodeSignificantFiguresTests" name="testDecodeSigFigWhenFourBandsWithRedWhite" time="0.000" timestamp="2018-10-24T18:37:46"/>
	<testcase classname="decode_significant_figures_tests.TestDecodeSignificantFiguresTests" name="testDecodeSigFigWhenFourBandsWithRedYellow" time="0.000" timestamp="2018-10-24T18:37:46"/>
	<testcase classname="decode_significant_figures_tests.TestDecodeSignificantFiguresTests" name="testDecodeSigFigWhenFourBandsWithVioletBlack" time="0.000" timestamp="2018-10-24T18:37:46"/>
	<testcase classname="decode_significant_figures_tests.TestDecodeSignificantFiguresTests" name="testDecodeSigFigWhenFourBandsWithVioletBlue" time="0.000" timestamp="2018-10-24T18:37:46"/>
	<testcase classname="decode_significant_figures_tests.TestDecodeSignificantFiguresTests" name="testDecodeSigFigWhenFourBandsWithVioletBrown" time="0.000" timestamp="2018-10-24T18:37:46"/>
	<testcase classname="decode_significant_figures_tests.TestDecodeSignificantFiguresTests" name="testDecodeSigFigWhenFourBandsWithVioletGreen" time="0.000" timestamp="2018-10-24T18:37:46"/>
	<testcase classname="decode_significant_figures_tests.TestDecodeSignificantFiguresTests" name="testDecodeSigFigWhenFourBandsWithVioletGrey" time="0.000" timestamp="2018-10-24T18:37:46"/>
	<testcase classname="decode_significant_figures_tests.TestDecodeSignificantFiguresTests" name="testDecodeSigFigWhenFourBandsWithVioletOrange" time="0.000" timestamp="2018-10-24T18:37:46"/>
	<testcase classname="decode_significant_figures_tests.TestDecodeSignificantFiguresTests" name="testDecodeSigFigWhenFourBandsWithVioletRed" time="0.000" timestamp="2018-10-24T18:37:46"/>
	<testcase classname="decode_significant_figures_tests.TestDecodeSignificantFiguresTests" name="testDecodeSigFigWhenFourBandsWithVioletViolet" time="0.000" timestamp="2018-10-24T18:37:46"/>
	<testcase classname="decode_significant_figures_tests.TestDecodeSignificantFiguresTests" name="testDecodeSigFigWhenFourBandsWithVioletWhite" time="0.000" timestamp="2018-10-24T18:37:46"/>
	<testcase classname="decode_significant_figures_tests.TestDecodeSignificantFiguresTests" name="testDecodeSigFigWhenFourBandsWithVioletYellow" time="0.000" timestamp="2018-10-24T18:37:46"/>
	<testcase classname="decode_significant_figures_tests.TestDecodeSignificantFiguresTests" name="testDecodeSigFigWhenFourBandsWithWhiteBlack" time="0.000" timestamp="2018-10-24T18:37:46"/>
	<testcase classname="decode_significant_figures_tests.TestDecodeSignificantFiguresTests" name="testDecodeSigFigWhenFourBandsWithWhiteBlue" time="0.000" timestamp="2018-10-24T18:37:46"/>
	<testcase classname="decode_significant_figures_tests.TestDecodeSignificantFiguresTests" name="testDecodeSigFigWhenFourBandsWithWhiteBrown" time="0.000" timestamp="2018-10-24T18:37:46"/>
	<testcase classname="decode_significant_figures_tests.TestDecodeSignificantFiguresTests" name="testDecodeSigFigWhenFourBandsWithWhiteGreen" time="0.000" timestamp="2018-10-24T18:37:46"/>
	<testcase classname="decode_significant_figures_tests.TestDecodeSignificantFiguresTests" name="testDecodeSigFigWhenFourBandsWithWhiteGrey" time="0.000" timestamp="2018-10-24T18:37:46"/>
	<testcase classname="decode_significant_figures_tests.TestDecodeSignificantFiguresTests" name="testDecodeSigFigWhenFourBandsWithWhiteOrange" time="0.000" timestamp="2018-10-24T18:37:46"/>
	<testcase classname="decode_significant_figures_tests.TestDecodeSignificantFiguresTests" name="testDecodeSigFigWhenFourBandsWithWhiteRed" time="0.000" timestamp="2018-10-24T18:37:46"/>
	<testcase classname="decode_significant_figures_tests.TestDecodeSignificantFiguresTests" name="testDecodeSigFigWhenFourBandsWithWhiteViolet" time="0.000" timestamp="2018-10-24T18:37:46"/>
	<testcase classname="decode_significant_figures_tests.TestDecodeSignificantFiguresTests" name="testDecodeSigFigWhenFourBandsWithWhiteWhite" time="0.000" timestamp="2018-10-24T18:37:46"/>
	<testcase classname="decode_significant_figures_tests.TestDecodeSignificantFiguresTests" name="testDecodeSigFigWhenFourBandsWithWhiteYellow" time="0.000" timestamp="2018-10-24T18:37:46"/>
	<testcase classname="decode_significant_figures_tests.TestDecodeSignificantFiguresTests" name="testDecodeSigFigWhenFourBandsWithYellowBlack" time="0.000" timestamp="2018-10-24T18:37:46"/>
	<testcase classname="decode_significant_figures_tests.TestDecodeSignificantFiguresTests" name="testDecodeSigFigWhenFourBandsWithYellowBlue" time="0.000" timestamp="2018-10-24T18:37:46"/>
	<testcase classname="decode_significant_figures_tests.TestDecodeSignificantFiguresTests" name="testDecodeSigFigWhenFourBandsWithYellowBrown" time="0.000" timestamp="2018-10-24T18:37:46"/>
	<testcase classname="decode_significant_figures_tests.TestDecodeSignificantFiguresTests" name="testDecodeSigFigWhenFourBandsWithYellowGreen" time="0.000" timestamp="2018-10-24T18:37:46"/>
	<testcase classname="decode_significant_figures_tests.TestDecodeSignificantFiguresTests" name="testDecodeSigFigWhenFourBandsWithYellowGrey" time="0.000" timestamp="2018-10-24T18:37:46"/>
	<testcase classname="decode_significant_figures_tests.TestDecodeSignificantFiguresTests" name="testDecodeSigFigWhenFourBandsWithYellowOrange" time="0.000" timestamp="2018-10-24T18:37:46"/>
	<testcase classname="decode_significant_figures_tests.TestDecodeSignificantFiguresTests" name="testDecodeSigFigWhenFourBandsWithYellowRed" time="0.000" timestamp="2018-10-24T18:37:46"/>
	<testcase classname="decode_significant_figures_tests.TestDecodeSignificantFiguresTests" name="testDecodeSigFigWhenFourBandsWithYellowViolet" time="0.000" timestamp="2018-10-24T18:37:46"/>
	<testcase classname="decode_significant_figures_tests.TestDecodeSignificantFiguresTests" name="testDecodeSigFigWhenFourBandsWithYellowWhite" time="0.000" timestamp="2018-10-24T18:37:46"/>
	<testcase classname="decode_significant_figures_tests.TestDecodeSignificantFiguresTests" name="testDecodeSigFigWhenFourBandsWithYellowYellow" time="0.000" timestamp="2018-10-24T18:37:46"/>
	<system-out>
<![CDATA[]]>	</system-out>
	<system-err>
<![CDATA[]]>	</system-err>
</testsuite>
