<?xml version="1.0" encoding="UTF-8"?>
<testsuite errors="0" failures="1" name="create_formatted_resistance_string_tests.CreateFormattedResistanceStringTests-20181019182823" skipped="0" tests="4" time="0.001" timestamp="2018-10-19T18:28:24">
	<testcase classname="create_formatted_resistance_string_tests.CreateFormattedResistanceStringTests" name="testCreateFormattedResistanceStringFourBandBlackBlackBlackBrown" time="0.000" timestamp="2018-10-19T18:28:24"/>
	<testcase classname="create_formatted_resistance_string_tests.CreateFormattedResistanceStringTests" name="testCreateFormattedResistanceStringFourBandBlackBlackBlackGreen" time="0.000" timestamp="2018-10-19T18:28:24"/>
	<testcase classname="create_formatted_resistance_string_tests.CreateFormattedResistanceStringTests" name="testCreateFormattedResistanceStringFourBandBlackBlackBlackRed" time="0.000" timestamp="2018-10-19T18:28:24"/>
	<testcase classname="create_formatted_resistance_string_tests.CreateFormattedResistanceStringTests" name="testCreateFormattedResistanceStringFourBandBlackBlackBlackBlue" time="0.001" timestamp="2018-10-19T18:28:24">
		<failure message="'0 ohms +/- 0.5%' != '0 ohms +/- 0.25%'
- 0 ohms +/- 0.5%
+ 0 ohms +/- 0.25%
?              +
" type="AssertionError">
<![CDATA[Traceback (most recent call last):
  File "/Users/ras/Projects/Python/cs3280/project2/src/unittest/python/create_formatted_resistance_string_tests.py", line 25, in testCreateFormattedResistanceStringFourBandBlackBlackBlackBlue
    self.assertEquals("0 ohms +/- 0.5%", result)
AssertionError: '0 ohms +/- 0.5%' != '0 ohms +/- 0.25%'
- 0 ohms +/- 0.5%
+ 0 ohms +/- 0.25%
?              +

]]>		</failure>
	</testcase>
	<system-out>
<![CDATA[0
0
0
0
]]>	</system-out>
	<system-err>
<![CDATA[]]>	</system-err>
</testsuite>
