<?xml version="1.0" encoding="UTF-8"?>
<testsuite errors="1" failures="0" name="validate_colors_list_tests.TestValidateColorsList-20181017203942" skipped="0" tests="2" time="0.001" timestamp="2018-10-17T20:39:42">
	<testcase classname="validate_colors_list_tests.TestValidateColorsList" name="testValidateColorsListWhenColorsListIsEmpty" time="0.000" timestamp="2018-10-17T20:39:42"/>
	<testcase classname="validate_colors_list_tests.TestValidateColorsList" name="testValidateColorsListWhenColorsListIsNone" time="0.001" timestamp="2018-10-17T20:39:42">
		<error message="object of type 'NoneType' has no len()" type="TypeError">
<![CDATA[Traceback (most recent call last):
  File "/Users/ras/Projects/Python/cs3280/project2/src/unittest/python/validate_colors_list_tests.py", line 9, in testValidateColorsListWhenColorsListIsNone
    validateColorsList(colors)
  File "/Users/ras/Projects/Python/cs3280/project2/src/main/python/resistor.py", line 17, in validateColorsList
    len(colors) >= 4
TypeError: object of type 'NoneType' has no len()
]]>		</error>
	</testcase>
	<system-out>
<![CDATA[]]>	</system-out>
	<system-err>
<![CDATA[]]>	</system-err>
</testsuite>
